[2020-12-08 10:03:49] docker.ERROR: PDOException: PDO::__construct(): php_network_getaddresses: getaddrinfo failed: nodename nor servname provided, or not known in /Users/nash/work/_tl/web/web_advisory/html/vendor/doctrine/dbal/lib/Doctrine/DBAL/Driver/PDOConnection.php:43
Stack trace:
#0 /Users/nash/work/_tl/web/web_advisory/html/vendor/doctrine/dbal/lib/Doctrine/DBAL/Driver/PDOConnection.php(43): PDO->__construct('mysql:host=mysq...', 'nash', 'hikaru0912af', Array)
#1 /Users/nash/work/_tl/web/web_advisory/html/vendor/laravel/framework/src/Illuminate/Database/Connectors/Connector.php(64): Doctrine\DBAL\Driver\PDOConnection->__construct('mysql:host=mysq...', 'nash', 'hikaru0912af', Array)
#2 /Users/nash/work/_tl/web/web_advisory/html/vendor/laravel/framework/src/Illuminate/Database/Connectors/Connector.php(43): Illuminate\Database\Connectors\Connector->createPdoConnection('mysql:host=mysq...', 'nash', 'hikaru0912af', Array)
#3 /Users/nash/work/_tl/web/web_advisory/html/vendor/laravel/framework/src/Illuminate/Database/Connectors/MySqlConnector.php(24): Illuminate\Database\Connectors\Connector->createConnection('mysql:host=mysq...', Array, Array)
#4 /Users/nash/work/_tl/web/web_advisory/html/vendor/october/rain/src/Database/Connectors/ConnectionFactory.php(28): Illuminate\Database\Connectors\MySqlConnector->connect(Array)
#5 [internal function]: October\Rain\Database\Connectors\ConnectionFactory->October\Rain\Database\Connectors\{closure}()
#6 /Users/nash/work/_tl/web/web_advisory/html/vendor/laravel/framework/src/Illuminate/Database/Connection.php(915): call_user_func(Object(Closure))
#7 /Users/nash/work/_tl/web/web_advisory/html/vendor/laravel/framework/src/Illuminate/Database/Connection.php(940): Illuminate\Database\Connection->getPdo()
#8 /Users/nash/work/_tl/web/web_advisory/html/vendor/laravel/framework/src/Illuminate/Database/Connection.php(399): Illuminate\Database\Connection->getReadPdo()
#9 /Users/nash/work/_tl/web/web_advisory/html/vendor/laravel/framework/src/Illuminate/Database/Connection.php(325): Illuminate\Database\Connection->getPdoForSelect(true)
#10 /Users/nash/work/_tl/web/web_advisory/html/vendor/laravel/framework/src/Illuminate/Database/Connection.php(657): Illuminate\Database\Connection->Illuminate\Database\{closure}('select * from `...', Array)
#11 /Users/nash/work/_tl/web/web_advisory/html/vendor/laravel/framework/src/Illuminate/Database/Connection.php(624): Illuminate\Database\Connection->runQueryCallback('select * from `...', Array, Object(Closure))
#12 /Users/nash/work/_tl/web/web_advisory/html/vendor/laravel/framework/src/Illuminate/Database/Connection.php(333): Illuminate\Database\Connection->run('select * from `...', Array, Object(Closure))
#13 /Users/nash/work/_tl/web/web_advisory/html/vendor/laravel/framework/src/Illuminate/Database/Query/Builder.php(1719): Illuminate\Database\Connection->select('select * from `...', Array, true)
#14 /Users/nash/work/_tl/web/web_advisory/html/vendor/laravel/framework/src/Illuminate/Database/Query/Builder.php(1704): Illuminate\Database\Query\Builder->runSelect()
#15 /Users/nash/work/_tl/web/web_advisory/html/vendor/october/rain/src/Database/QueryBuilder.php(216): Illuminate\Database\Query\Builder->get(Array)
#16 /Users/nash/work/_tl/web/web_advisory/html/plugins/vdomah/excel/vendor/illuminate/cache/Repository.php(327): October\Rain\Database\QueryBuilder->October\Rain\Database\{closure}()
#17 /Users/nash/work/_tl/web/web_advisory/html/vendor/laravel/framework/src/Illuminate/Cache/CacheManager.php(304): Illuminate\Cache\Repository->remember('system::setting...', 1440, Object(Closure))
#18 /Users/nash/work/_tl/web/web_advisory/html/vendor/october/rain/src/Database/QueryBuilder.php(158): Illuminate\Cache\CacheManager->__call('remember', Array)
#19 /Users/nash/work/_tl/web/web_advisory/html/vendor/october/rain/src/Database/QueryBuilder.php(121): October\Rain\Database\QueryBuilder->getCached(Array)
#20 /Users/nash/work/_tl/web/web_advisory/html/vendor/october/rain/src/Database/QueryBuilder.php(92): October\Rain\Database\QueryBuilder->getDuplicateCached(Array)
#21 /Users/nash/work/_tl/web/web_advisory/html/vendor/laravel/framework/src/Illuminate/Database/Eloquent/Builder.php(481): October\Rain\Database\QueryBuilder->get(Array)
#22 /Users/nash/work/_tl/web/web_advisory/html/vendor/laravel/framework/src/Illuminate/Database/Eloquent/Builder.php(465): Illuminate\Database\Eloquent\Builder->getModels(Array)
#23 /Users/nash/work/_tl/web/web_advisory/html/vendor/laravel/framework/src/Illuminate/Database/Concerns/BuildsQueries.php(77): Illuminate\Database\Eloquent\Builder->get(Array)
#24 /Users/nash/work/_tl/web/web_advisory/html/modules/system/Behaviors/SettingsModel.php(114): Illuminate\Database\Eloquent\Builder->first()
#25 /Users/nash/work/_tl/web/web_advisory/html/modules/system/Behaviors/SettingsModel.php(76): System\Behaviors\SettingsModel->getSettingsRecord()
#26 /Users/nash/work/_tl/web/web_advisory/html/modules/system/Behaviors/SettingsModel.php(135): System\Behaviors\SettingsModel->instance()
#27 [internal function]: System\Behaviors\SettingsModel->get('profile_field')
#28 /Users/nash/work/_tl/web/web_advisory/html/vendor/october/rain/src/Extension/ExtendableTrait.php(409): call_user_func_array(Array, Array)
#29 /Users/nash/work/_tl/web/web_advisory/html/vendor/october/rain/src/Database/Model.php(635): October\Rain\Database\Model->extendableCall('get', Array)
#30 /Users/nash/work/_tl/web/web_advisory/html/vendor/laravel/framework/src/Illuminate/Database/Eloquent/Model.php(1489): October\Rain\Database\Model->__call('get', Array)
#31 /Users/nash/work/_tl/web/web_advisory/html/plugins/esroyo/userprofile/Plugin.php(84): Illuminate\Database\Eloquent\Model::__callStatic('get', Array)
#32 /Users/nash/work/_tl/web/web_advisory/html/modules/system/Classes/PluginManager.php(293): Esroyo\UserProfile\Plugin->boot()
#33 /Users/nash/work/_tl/web/web_advisory/html/modules/system/Classes/PluginManager.php(275): System\Classes\PluginManager->bootPlugin(Object(Esroyo\UserProfile\Plugin))
#34 /Users/nash/work/_tl/web/web_advisory/html/modules/system/ServiceProvider.php(96): System\Classes\PluginManager->bootAll()
#35 [internal function]: System\ServiceProvider->boot()
#36 /Users/nash/work/_tl/web/web_advisory/html/vendor/laravel/framework/src/Illuminate/Container/BoundMethod.php(29): call_user_func_array(Array, Array)
#37 /Users/nash/work/_tl/web/web_advisory/html/vendor/laravel/framework/src/Illuminate/Container/BoundMethod.php(87): Illuminate\Container\BoundMethod::Illuminate\Container\{closure}()
#38 /Users/nash/work/_tl/web/web_advisory/html/vendor/laravel/framework/src/Illuminate/Container/BoundMethod.php(31): Illuminate\Container\BoundMethod::callBoundMethod(Object(October\Rain\Foundation\Application), Array, Object(Closure))
#39 /Users/nash/work/_tl/web/web_advisory/html/vendor/laravel/framework/src/Illuminate/Container/Container.php(549): Illuminate\Container\BoundMethod::call(Object(October\Rain\Foundation\Application), Array, Array, NULL)
#40 /Users/nash/work/_tl/web/web_advisory/html/vendor/laravel/framework/src/Illuminate/Foundation/Application.php(792): Illuminate\Container\Container->call(Array)
#41 /Users/nash/work/_tl/web/web_advisory/html/vendor/laravel/framework/src/Illuminate/Foundation/Application.php(775): Illuminate\Foundation\Application->bootProvider(Object(System\ServiceProvider))
#42 [internal function]: Illuminate\Foundation\Application->Illuminate\Foundation\{closure}(Object(System\ServiceProvider), 25)
#43 /Users/nash/work/_tl/web/web_advisory/html/vendor/laravel/framework/src/Illuminate/Foundation/Application.php(776): array_walk(Array, Object(Closure))
#44 /Users/nash/work/_tl/web/web_advisory/html/vendor/laravel/framework/src/Illuminate/Foundation/Bootstrap/BootProviders.php(17): Illuminate\Foundation\Application->boot()
#45 /Users/nash/work/_tl/web/web_advisory/html/vendor/laravel/framework/src/Illuminate/Foundation/Application.php(213): Illuminate\Foundation\Bootstrap\BootProviders->bootstrap(Object(October\Rain\Foundation\Application))
#46 /Users/nash/work/_tl/web/web_advisory/html/vendor/laravel/framework/src/Illuminate/Foundation/Console/Kernel.php(296): Illuminate\Foundation\Application->bootstrapWith(Array)
#47 /Users/nash/work/_tl/web/web_advisory/html/vendor/laravel/framework/src/Illuminate/Foundation/Console/Kernel.php(119): Illuminate\Foundation\Console\Kernel->bootstrap()
#48 /Users/nash/work/_tl/web/web_advisory/html/artisan(35): Illuminate\Foundation\Console\Kernel->handle(Object(Symfony\Component\Console\Input\ArgvInput), Object(Symfony\Component\Console\Output\ConsoleOutput))
#49 {main}

Next PDOException: SQLSTATE[HY000] [2002] php_network_getaddresses: getaddrinfo failed: nodename nor servname provided, or not known in /Users/nash/work/_tl/web/web_advisory/html/vendor/doctrine/dbal/lib/Doctrine/DBAL/Driver/PDOConnection.php:43
Stack trace:
#0 /Users/nash/work/_tl/web/web_advisory/html/vendor/doctrine/dbal/lib/Doctrine/DBAL/Driver/PDOConnection.php(43): PDO->__construct('mysql:host=mysq...', 'nash', 'hikaru0912af', Array)
#1 /Users/nash/work/_tl/web/web_advisory/html/vendor/laravel/framework/src/Illuminate/Database/Connectors/Connector.php(64): Doctrine\DBAL\Driver\PDOConnection->__construct('mysql:host=mysq...', 'nash', 'hikaru0912af', Array)
#2 /Users/nash/work/_tl/web/web_advisory/html/vendor/laravel/framework/src/Illuminate/Database/Connectors/Connector.php(43): Illuminate\Database\Connectors\Connector->createPdoConnection('mysql:host=mysq...', 'nash', 'hikaru0912af', Array)
#3 /Users/nash/work/_tl/web/web_advisory/html/vendor/laravel/framework/src/Illuminate/Database/Connectors/MySqlConnector.php(24): Illuminate\Database\Connectors\Connector->createConnection('mysql:host=mysq...', Array, Array)
#4 /Users/nash/work/_tl/web/web_advisory/html/vendor/october/rain/src/Database/Connectors/ConnectionFactory.php(28): Illuminate\Database\Connectors\MySqlConnector->connect(Array)
#5 [internal function]: October\Rain\Database\Connectors\ConnectionFactory->October\Rain\Database\Connectors\{closure}()
#6 /Users/nash/work/_tl/web/web_advisory/html/vendor/laravel/framework/src/Illuminate/Database/Connection.php(915): call_user_func(Object(Closure))
#7 /Users/nash/work/_tl/web/web_advisory/html/vendor/laravel/framework/src/Illuminate/Database/Connection.php(940): Illuminate\Database\Connection->getPdo()
#8 /Users/nash/work/_tl/web/web_advisory/html/vendor/laravel/framework/src/Illuminate/Database/Connection.php(399): Illuminate\Database\Connection->getReadPdo()
#9 /Users/nash/work/_tl/web/web_advisory/html/vendor/laravel/framework/src/Illuminate/Database/Connection.php(325): Illuminate\Database\Connection->getPdoForSelect(true)
#10 /Users/nash/work/_tl/web/web_advisory/html/vendor/laravel/framework/src/Illuminate/Database/Connection.php(657): Illuminate\Database\Connection->Illuminate\Database\{closure}('select * from `...', Array)
#11 /Users/nash/work/_tl/web/web_advisory/html/vendor/laravel/framework/src/Illuminate/Database/Connection.php(624): Illuminate\Database\Connection->runQueryCallback('select * from `...', Array, Object(Closure))
#12 /Users/nash/work/_tl/web/web_advisory/html/vendor/laravel/framework/src/Illuminate/Database/Connection.php(333): Illuminate\Database\Connection->run('select * from `...', Array, Object(Closure))
#13 /Users/nash/work/_tl/web/web_advisory/html/vendor/laravel/framework/src/Illuminate/Database/Query/Builder.php(1719): Illuminate\Database\Connection->select('select * from `...', Array, true)
#14 /Users/nash/work/_tl/web/web_advisory/html/vendor/laravel/framework/src/Illuminate/Database/Query/Builder.php(1704): Illuminate\Database\Query\Builder->runSelect()
#15 /Users/nash/work/_tl/web/web_advisory/html/vendor/october/rain/src/Database/QueryBuilder.php(216): Illuminate\Database\Query\Builder->get(Array)
#16 /Users/nash/work/_tl/web/web_advisory/html/plugins/vdomah/excel/vendor/illuminate/cache/Repository.php(327): October\Rain\Database\QueryBuilder->October\Rain\Database\{closure}()
#17 /Users/nash/work/_tl/web/web_advisory/html/vendor/laravel/framework/src/Illuminate/Cache/CacheManager.php(304): Illuminate\Cache\Repository->remember('system::setting...', 1440, Object(Closure))
#18 /Users/nash/work/_tl/web/web_advisory/html/vendor/october/rain/src/Database/QueryBuilder.php(158): Illuminate\Cache\CacheManager->__call('remember', Array)
#19 /Users/nash/work/_tl/web/web_advisory/html/vendor/october/rain/src/Database/QueryBuilder.php(121): October\Rain\Database\QueryBuilder->getCached(Array)
#20 /Users/nash/work/_tl/web/web_advisory/html/vendor/october/rain/src/Database/QueryBuilder.php(92): October\Rain\Database\QueryBuilder->getDuplicateCached(Array)
#21 /Users/nash/work/_tl/web/web_advisory/html/vendor/laravel/framework/src/Illuminate/Database/Eloquent/Builder.php(481): October\Rain\Database\QueryBuilder->get(Array)
#22 /Users/nash/work/_tl/web/web_advisory/html/vendor/laravel/framework/src/Illuminate/Database/Eloquent/Builder.php(465): Illuminate\Database\Eloquent\Builder->getModels(Array)
#23 /Users/nash/work/_tl/web/web_advisory/html/vendor/laravel/framework/src/Illuminate/Database/Concerns/BuildsQueries.php(77): Illuminate\Database\Eloquent\Builder->get(Array)
#24 /Users/nash/work/_tl/web/web_advisory/html/modules/system/Behaviors/SettingsModel.php(114): Illuminate\Database\Eloquent\Builder->first()
#25 /Users/nash/work/_tl/web/web_advisory/html/modules/system/Behaviors/SettingsModel.php(76): System\Behaviors\SettingsModel->getSettingsRecord()
#26 /Users/nash/work/_tl/web/web_advisory/html/modules/system/Behaviors/SettingsModel.php(135): System\Behaviors\SettingsModel->instance()
#27 [internal function]: System\Behaviors\SettingsModel->get('profile_field')
#28 /Users/nash/work/_tl/web/web_advisory/html/vendor/october/rain/src/Extension/ExtendableTrait.php(409): call_user_func_array(Array, Array)
#29 /Users/nash/work/_tl/web/web_advisory/html/vendor/october/rain/src/Database/Model.php(635): October\Rain\Database\Model->extendableCall('get', Array)
#30 /Users/nash/work/_tl/web/web_advisory/html/vendor/laravel/framework/src/Illuminate/Database/Eloquent/Model.php(1489): October\Rain\Database\Model->__call('get', Array)
#31 /Users/nash/work/_tl/web/web_advisory/html/plugins/esroyo/userprofile/Plugin.php(84): Illuminate\Database\Eloquent\Model::__callStatic('get', Array)
#32 /Users/nash/work/_tl/web/web_advisory/html/modules/system/Classes/PluginManager.php(293): Esroyo\UserProfile\Plugin->boot()
#33 /Users/nash/work/_tl/web/web_advisory/html/modules/system/Classes/PluginManager.php(275): System\Classes\PluginManager->bootPlugin(Object(Esroyo\UserProfile\Plugin))
#34 /Users/nash/work/_tl/web/web_advisory/html/modules/system/ServiceProvider.php(96): System\Classes\PluginManager->bootAll()
#35 [internal function]: System\ServiceProvider->boot()
#36 /Users/nash/work/_tl/web/web_advisory/html/vendor/laravel/framework/src/Illuminate/Container/BoundMethod.php(29): call_user_func_array(Array, Array)
#37 /Users/nash/work/_tl/web/web_advisory/html/vendor/laravel/framework/src/Illuminate/Container/BoundMethod.php(87): Illuminate\Container\BoundMethod::Illuminate\Container\{closure}()
#38 /Users/nash/work/_tl/web/web_advisory/html/vendor/laravel/framework/src/Illuminate/Container/BoundMethod.php(31): Illuminate\Container\BoundMethod::callBoundMethod(Object(October\Rain\Foundation\Application), Array, Object(Closure))
#39 /Users/nash/work/_tl/web/web_advisory/html/vendor/laravel/framework/src/Illuminate/Container/Container.php(549): Illuminate\Container\BoundMethod::call(Object(October\Rain\Foundation\Application), Array, Array, NULL)
#40 /Users/nash/work/_tl/web/web_advisory/html/vendor/laravel/framework/src/Illuminate/Foundation/Application.php(792): Illuminate\Container\Container->call(Array)
#41 /Users/nash/work/_tl/web/web_advisory/html/vendor/laravel/framework/src/Illuminate/Foundation/Application.php(775): Illuminate\Foundation\Application->bootProvider(Object(System\ServiceProvider))
#42 [internal function]: Illuminate\Foundation\Application->Illuminate\Foundation\{closure}(Object(System\ServiceProvider), 25)
#43 /Users/nash/work/_tl/web/web_advisory/html/vendor/laravel/framework/src/Illuminate/Foundation/Application.php(776): array_walk(Array, Object(Closure))
#44 /Users/nash/work/_tl/web/web_advisory/html/vendor/laravel/framework/src/Illuminate/Foundation/Bootstrap/BootProviders.php(17): Illuminate\Foundation\Application->boot()
#45 /Users/nash/work/_tl/web/web_advisory/html/vendor/laravel/framework/src/Illuminate/Foundation/Application.php(213): Illuminate\Foundation\Bootstrap\BootProviders->bootstrap(Object(October\Rain\Foundation\Application))
#46 /Users/nash/work/_tl/web/web_advisory/html/vendor/laravel/framework/src/Illuminate/Foundation/Console/Kernel.php(296): Illuminate\Foundation\Application->bootstrapWith(Array)
#47 /Users/nash/work/_tl/web/web_advisory/html/vendor/laravel/framework/src/Illuminate/Foundation/Console/Kernel.php(119): Illuminate\Foundation\Console\Kernel->bootstrap()
#48 /Users/nash/work/_tl/web/web_advisory/html/artisan(35): Illuminate\Foundation\Console\Kernel->handle(Object(Symfony\Component\Console\Input\ArgvInput), Object(Symfony\Component\Console\Output\ConsoleOutput))
#49 {main}

Next Doctrine\DBAL\Driver\PDOException: SQLSTATE[HY000] [2002] php_network_getaddresses: getaddrinfo failed: nodename nor servname provided, or not known in /Users/nash/work/_tl/web/web_advisory/html/vendor/doctrine/dbal/lib/Doctrine/DBAL/Driver/PDOConnection.php:47
Stack trace:
#0 /Users/nash/work/_tl/web/web_advisory/html/vendor/laravel/framework/src/Illuminate/Database/Connectors/Connector.php(64): Doctrine\DBAL\Driver\PDOConnection->__construct('mysql:host=mysq...', 'nash', 'hikaru0912af', Array)
#1 /Users/nash/work/_tl/web/web_advisory/html/vendor/laravel/framework/src/Illuminate/Database/Connectors/Connector.php(43): Illuminate\Database\Connectors\Connector->createPdoConnection('mysql:host=mysq...', 'nash', 'hikaru0912af', Array)
#2 /Users/nash/work/_tl/web/web_advisory/html/vendor/laravel/framework/src/Illuminate/Database/Connectors/MySqlConnector.php(24): Illuminate\Database\Connectors\Connector->createConnection('mysql:host=mysq...', Array, Array)
#3 /Users/nash/work/_tl/web/web_advisory/html/vendor/october/rain/src/Database/Connectors/ConnectionFactory.php(28): Illuminate\Database\Connectors\MySqlConnector->connect(Array)
#4 [internal function]: October\Rain\Database\Connectors\ConnectionFactory->October\Rain\Database\Connectors\{closure}()
#5 /Users/nash/work/_tl/web/web_advisory/html/vendor/laravel/framework/src/Illuminate/Database/Connection.php(915): call_user_func(Object(Closure))
#6 /Users/nash/work/_tl/web/web_advisory/html/vendor/laravel/framework/src/Illuminate/Database/Connection.php(940): Illuminate\Database\Connection->getPdo()
#7 /Users/nash/work/_tl/web/web_advisory/html/vendor/laravel/framework/src/Illuminate/Database/Connection.php(399): Illuminate\Database\Connection->getReadPdo()
#8 /Users/nash/work/_tl/web/web_advisory/html/vendor/laravel/framework/src/Illuminate/Database/Connection.php(325): Illuminate\Database\Connection->getPdoForSelect(true)
#9 /Users/nash/work/_tl/web/web_advisory/html/vendor/laravel/framework/src/Illuminate/Database/Connection.php(657): Illuminate\Database\Connection->Illuminate\Database\{closure}('select * from `...', Array)
#10 /Users/nash/work/_tl/web/web_advisory/html/vendor/laravel/framework/src/Illuminate/Database/Connection.php(624): Illuminate\Database\Connection->runQueryCallback('select * from `...', Array, Object(Closure))
#11 /Users/nash/work/_tl/web/web_advisory/html/vendor/laravel/framework/src/Illuminate/Database/Connection.php(333): Illuminate\Database\Connection->run('select * from `...', Array, Object(Closure))
#12 /Users/nash/work/_tl/web/web_advisory/html/vendor/laravel/framework/src/Illuminate/Database/Query/Builder.php(1719): Illuminate\Database\Connection->select('select * from `...', Array, true)
#13 /Users/nash/work/_tl/web/web_advisory/html/vendor/laravel/framework/src/Illuminate/Database/Query/Builder.php(1704): Illuminate\Database\Query\Builder->runSelect()
#14 /Users/nash/work/_tl/web/web_advisory/html/vendor/october/rain/src/Database/QueryBuilder.php(216): Illuminate\Database\Query\Builder->get(Array)
#15 /Users/nash/work/_tl/web/web_advisory/html/plugins/vdomah/excel/vendor/illuminate/cache/Repository.php(327): October\Rain\Database\QueryBuilder->October\Rain\Database\{closure}()
#16 /Users/nash/work/_tl/web/web_advisory/html/vendor/laravel/framework/src/Illuminate/Cache/CacheManager.php(304): Illuminate\Cache\Repository->remember('system::setting...', 1440, Object(Closure))
#17 /Users/nash/work/_tl/web/web_advisory/html/vendor/october/rain/src/Database/QueryBuilder.php(158): Illuminate\Cache\CacheManager->__call('remember', Array)
#18 /Users/nash/work/_tl/web/web_advisory/html/vendor/october/rain/src/Database/QueryBuilder.php(121): October\Rain\Database\QueryBuilder->getCached(Array)
#19 /Users/nash/work/_tl/web/web_advisory/html/vendor/october/rain/src/Database/QueryBuilder.php(92): October\Rain\Database\QueryBuilder->getDuplicateCached(Array)
#20 /Users/nash/work/_tl/web/web_advisory/html/vendor/laravel/framework/src/Illuminate/Database/Eloquent/Builder.php(481): October\Rain\Database\QueryBuilder->get(Array)
#21 /Users/nash/work/_tl/web/web_advisory/html/vendor/laravel/framework/src/Illuminate/Database/Eloquent/Builder.php(465): Illuminate\Database\Eloquent\Builder->getModels(Array)
#22 /Users/nash/work/_tl/web/web_advisory/html/vendor/laravel/framework/src/Illuminate/Database/Concerns/BuildsQueries.php(77): Illuminate\Database\Eloquent\Builder->get(Array)
#23 /Users/nash/work/_tl/web/web_advisory/html/modules/system/Behaviors/SettingsModel.php(114): Illuminate\Database\Eloquent\Builder->first()
#24 /Users/nash/work/_tl/web/web_advisory/html/modules/system/Behaviors/SettingsModel.php(76): System\Behaviors\SettingsModel->getSettingsRecord()
#25 /Users/nash/work/_tl/web/web_advisory/html/modules/system/Behaviors/SettingsModel.php(135): System\Behaviors\SettingsModel->instance()
#26 [internal function]: System\Behaviors\SettingsModel->get('profile_field')
#27 /Users/nash/work/_tl/web/web_advisory/html/vendor/october/rain/src/Extension/ExtendableTrait.php(409): call_user_func_array(Array, Array)
#28 /Users/nash/work/_tl/web/web_advisory/html/vendor/october/rain/src/Database/Model.php(635): October\Rain\Database\Model->extendableCall('get', Array)
#29 /Users/nash/work/_tl/web/web_advisory/html/vendor/laravel/framework/src/Illuminate/Database/Eloquent/Model.php(1489): October\Rain\Database\Model->__call('get', Array)
#30 /Users/nash/work/_tl/web/web_advisory/html/plugins/esroyo/userprofile/Plugin.php(84): Illuminate\Database\Eloquent\Model::__callStatic('get', Array)
#31 /Users/nash/work/_tl/web/web_advisory/html/modules/system/Classes/PluginManager.php(293): Esroyo\UserProfile\Plugin->boot()
#32 /Users/nash/work/_tl/web/web_advisory/html/modules/system/Classes/PluginManager.php(275): System\Classes\PluginManager->bootPlugin(Object(Esroyo\UserProfile\Plugin))
#33 /Users/nash/work/_tl/web/web_advisory/html/modules/system/ServiceProvider.php(96): System\Classes\PluginManager->bootAll()
#34 [internal function]: System\ServiceProvider->boot()
#35 /Users/nash/work/_tl/web/web_advisory/html/vendor/laravel/framework/src/Illuminate/Container/BoundMethod.php(29): call_user_func_array(Array, Array)
#36 /Users/nash/work/_tl/web/web_advisory/html/vendor/laravel/framework/src/Illuminate/Container/BoundMethod.php(87): Illuminate\Container\BoundMethod::Illuminate\Container\{closure}()
#37 /Users/nash/work/_tl/web/web_advisory/html/vendor/laravel/framework/src/Illuminate/Container/BoundMethod.php(31): Illuminate\Container\BoundMethod::callBoundMethod(Object(October\Rain\Foundation\Application), Array, Object(Closure))
#38 /Users/nash/work/_tl/web/web_advisory/html/vendor/laravel/framework/src/Illuminate/Container/Container.php(549): Illuminate\Container\BoundMethod::call(Object(October\Rain\Foundation\Application), Array, Array, NULL)
#39 /Users/nash/work/_tl/web/web_advisory/html/vendor/laravel/framework/src/Illuminate/Foundation/Application.php(792): Illuminate\Container\Container->call(Array)
#40 /Users/nash/work/_tl/web/web_advisory/html/vendor/laravel/framework/src/Illuminate/Foundation/Application.php(775): Illuminate\Foundation\Application->bootProvider(Object(System\ServiceProvider))
#41 [internal function]: Illuminate\Foundation\Application->Illuminate\Foundation\{closure}(Object(System\ServiceProvider), 25)
#42 /Users/nash/work/_tl/web/web_advisory/html/vendor/laravel/framework/src/Illuminate/Foundation/Application.php(776): array_walk(Array, Object(Closure))
#43 /Users/nash/work/_tl/web/web_advisory/html/vendor/laravel/framework/src/Illuminate/Foundation/Bootstrap/BootProviders.php(17): Illuminate\Foundation\Application->boot()
#44 /Users/nash/work/_tl/web/web_advisory/html/vendor/laravel/framework/src/Illuminate/Foundation/Application.php(213): Illuminate\Foundation\Bootstrap\BootProviders->bootstrap(Object(October\Rain\Foundation\Application))
#45 /Users/nash/work/_tl/web/web_advisory/html/vendor/laravel/framework/src/Illuminate/Foundation/Console/Kernel.php(296): Illuminate\Foundation\Application->bootstrapWith(Array)
#46 /Users/nash/work/_tl/web/web_advisory/html/vendor/laravel/framework/src/Illuminate/Foundation/Console/Kernel.php(119): Illuminate\Foundation\Console\Kernel->bootstrap()
#47 /Users/nash/work/_tl/web/web_advisory/html/artisan(35): Illuminate\Foundation\Console\Kernel->handle(Object(Symfony\Component\Console\Input\ArgvInput), Object(Symfony\Component\Console\Output\ConsoleOutput))
#48 {main}

Next Illuminate\Database\QueryException: SQLSTATE[HY000] [2002] php_network_getaddresses: getaddrinfo failed: nodename nor servname provided, or not known (SQL: select * from `system_settings` where `item` = user_profile_settings limit 1) in /Users/nash/work/_tl/web/web_advisory/html/vendor/laravel/framework/src/Illuminate/Database/Connection.php:664
Stack trace:
#0 /Users/nash/work/_tl/web/web_advisory/html/vendor/laravel/framework/src/Illuminate/Database/Connection.php(624): Illuminate\Database\Connection->runQueryCallback('select * from `...', Array, Object(Closure))
#1 /Users/nash/work/_tl/web/web_advisory/html/vendor/laravel/framework/src/Illuminate/Database/Connection.php(333): Illuminate\Database\Connection->run('select * from `...', Array, Object(Closure))
#2 /Users/nash/work/_tl/web/web_advisory/html/vendor/laravel/framework/src/Illuminate/Database/Query/Builder.php(1719): Illuminate\Database\Connection->select('select * from `...', Array, true)
#3 /Users/nash/work/_tl/web/web_advisory/html/vendor/laravel/framework/src/Illuminate/Database/Query/Builder.php(1704): Illuminate\Database\Query\Builder->runSelect()
#4 /Users/nash/work/_tl/web/web_advisory/html/vendor/october/rain/src/Database/QueryBuilder.php(216): Illuminate\Database\Query\Builder->get(Array)
#5 /Users/nash/work/_tl/web/web_advisory/html/plugins/vdomah/excel/vendor/illuminate/cache/Repository.php(327): October\Rain\Database\QueryBuilder->October\Rain\Database\{closure}()
#6 /Users/nash/work/_tl/web/web_advisory/html/vendor/laravel/framework/src/Illuminate/Cache/CacheManager.php(304): Illuminate\Cache\Repository->remember('system::setting...', 1440, Object(Closure))
#7 /Users/nash/work/_tl/web/web_advisory/html/vendor/october/rain/src/Database/QueryBuilder.php(158): Illuminate\Cache\CacheManager->__call('remember', Array)
#8 /Users/nash/work/_tl/web/web_advisory/html/vendor/october/rain/src/Database/QueryBuilder.php(121): October\Rain\Database\QueryBuilder->getCached(Array)
#9 /Users/nash/work/_tl/web/web_advisory/html/vendor/october/rain/src/Database/QueryBuilder.php(92): October\Rain\Database\QueryBuilder->getDuplicateCached(Array)
#10 /Users/nash/work/_tl/web/web_advisory/html/vendor/laravel/framework/src/Illuminate/Database/Eloquent/Builder.php(481): October\Rain\Database\QueryBuilder->get(Array)
#11 /Users/nash/work/_tl/web/web_advisory/html/vendor/laravel/framework/src/Illuminate/Database/Eloquent/Builder.php(465): Illuminate\Database\Eloquent\Builder->getModels(Array)
#12 /Users/nash/work/_tl/web/web_advisory/html/vendor/laravel/framework/src/Illuminate/Database/Concerns/BuildsQueries.php(77): Illuminate\Database\Eloquent\Builder->get(Array)
#13 /Users/nash/work/_tl/web/web_advisory/html/modules/system/Behaviors/SettingsModel.php(114): Illuminate\Database\Eloquent\Builder->first()
#14 /Users/nash/work/_tl/web/web_advisory/html/modules/system/Behaviors/SettingsModel.php(76): System\Behaviors\SettingsModel->getSettingsRecord()
#15 /Users/nash/work/_tl/web/web_advisory/html/modules/system/Behaviors/SettingsModel.php(135): System\Behaviors\SettingsModel->instance()
#16 [internal function]: System\Behaviors\SettingsModel->get('profile_field')
#17 /Users/nash/work/_tl/web/web_advisory/html/vendor/october/rain/src/Extension/ExtendableTrait.php(409): call_user_func_array(Array, Array)
#18 /Users/nash/work/_tl/web/web_advisory/html/vendor/october/rain/src/Database/Model.php(635): October\Rain\Database\Model->extendableCall('get', Array)
#19 /Users/nash/work/_tl/web/web_advisory/html/vendor/laravel/framework/src/Illuminate/Database/Eloquent/Model.php(1489): October\Rain\Database\Model->__call('get', Array)
#20 /Users/nash/work/_tl/web/web_advisory/html/plugins/esroyo/userprofile/Plugin.php(84): Illuminate\Database\Eloquent\Model::__callStatic('get', Array)
#21 /Users/nash/work/_tl/web/web_advisory/html/modules/system/Classes/PluginManager.php(293): Esroyo\UserProfile\Plugin->boot()
#22 /Users/nash/work/_tl/web/web_advisory/html/modules/system/Classes/PluginManager.php(275): System\Classes\PluginManager->bootPlugin(Object(Esroyo\UserProfile\Plugin))
#23 /Users/nash/work/_tl/web/web_advisory/html/modules/system/ServiceProvider.php(96): System\Classes\PluginManager->bootAll()
#24 [internal function]: System\ServiceProvider->boot()
#25 /Users/nash/work/_tl/web/web_advisory/html/vendor/laravel/framework/src/Illuminate/Container/BoundMethod.php(29): call_user_func_array(Array, Array)
#26 /Users/nash/work/_tl/web/web_advisory/html/vendor/laravel/framework/src/Illuminate/Container/BoundMethod.php(87): Illuminate\Container\BoundMethod::Illuminate\Container\{closure}()
#27 /Users/nash/work/_tl/web/web_advisory/html/vendor/laravel/framework/src/Illuminate/Container/BoundMethod.php(31): Illuminate\Container\BoundMethod::callBoundMethod(Object(October\Rain\Foundation\Application), Array, Object(Closure))
#28 /Users/nash/work/_tl/web/web_advisory/html/vendor/laravel/framework/src/Illuminate/Container/Container.php(549): Illuminate\Container\BoundMethod::call(Object(October\Rain\Foundation\Application), Array, Array, NULL)
#29 /Users/nash/work/_tl/web/web_advisory/html/vendor/laravel/framework/src/Illuminate/Foundation/Application.php(792): Illuminate\Container\Container->call(Array)
#30 /Users/nash/work/_tl/web/web_advisory/html/vendor/laravel/framework/src/Illuminate/Foundation/Application.php(775): Illuminate\Foundation\Application->bootProvider(Object(System\ServiceProvider))
#31 [internal function]: Illuminate\Foundation\Application->Illuminate\Foundation\{closure}(Object(System\ServiceProvider), 25)
#32 /Users/nash/work/_tl/web/web_advisory/html/vendor/laravel/framework/src/Illuminate/Foundation/Application.php(776): array_walk(Array, Object(Closure))
#33 /Users/nash/work/_tl/web/web_advisory/html/vendor/laravel/framework/src/Illuminate/Foundation/Bootstrap/BootProviders.php(17): Illuminate\Foundation\Application->boot()
#34 /Users/nash/work/_tl/web/web_advisory/html/vendor/laravel/framework/src/Illuminate/Foundation/Application.php(213): Illuminate\Foundation\Bootstrap\BootProviders->bootstrap(Object(October\Rain\Foundation\Application))
#35 /Users/nash/work/_tl/web/web_advisory/html/vendor/laravel/framework/src/Illuminate/Foundation/Console/Kernel.php(296): Illuminate\Foundation\Application->bootstrapWith(Array)
#36 /Users/nash/work/_tl/web/web_advisory/html/vendor/laravel/framework/src/Illuminate/Foundation/Console/Kernel.php(119): Illuminate\Foundation\Console\Kernel->bootstrap()
#37 /Users/nash/work/_tl/web/web_advisory/html/artisan(35): Illuminate\Foundation\Console\Kernel->handle(Object(Symfony\Component\Console\Input\ArgvInput), Object(Symfony\Component\Console\Output\ConsoleOutput))
#38 {main}  
[2020-12-08 10:36:21] docker.ERROR: Swift_TransportException: Failed to authenticate on SMTP server with username "hikkijojo@gmail.com" using 3 possible authenticators. Authenticator LOGIN returned Expected response code 235 but got code "534", with message "534-5.7.9 Application-specific password required. Learn more at
534 5.7.9  https://support.google.com/mail/?p=InvalidSecondFactor z29sm13391799pgk.88 - gsmtp
". Authenticator PLAIN returned Expected response code 235 but got code "534", with message "534-5.7.9 Application-specific password required. Learn more at
534 5.7.9  https://support.google.com/mail/?p=InvalidSecondFactor z29sm13391799pgk.88 - gsmtp
". Authenticator XOAUTH2 returned Expected response code 250 but got code "535", with message "535-5.7.8 Username and Password not accepted. Learn more at
535 5.7.8  https://support.google.com/mail/?p=BadCredentials z29sm13391799pgk.88 - gsmtp
". in /var/www/html/vendor/swiftmailer/swiftmailer/lib/classes/Swift/Transport/Esmtp/AuthHandler.php:191
Stack trace:
#0 /var/www/html/vendor/swiftmailer/swiftmailer/lib/classes/Swift/Transport/EsmtpTransport.php(371): Swift_Transport_Esmtp_AuthHandler->afterEhlo(Object(Swift_SmtpTransport))
#1 /var/www/html/vendor/swiftmailer/swiftmailer/lib/classes/Swift/Transport/AbstractSmtpTransport.php(148): Swift_Transport_EsmtpTransport->doHeloCommand()
#2 /var/www/html/vendor/swiftmailer/swiftmailer/lib/classes/Swift/Mailer.php(65): Swift_Transport_AbstractSmtpTransport->start()
#3 /var/www/html/vendor/laravel/framework/src/Illuminate/Mail/Mailer.php(451): Swift_Mailer->send(Object(Swift_Message), Array)
#4 /var/www/html/vendor/october/rain/src/Mail/Mailer.php(115): Illuminate\Mail\Mailer->sendSwiftMessage(Object(Swift_Message))
#5 /var/www/html/vendor/laravel/framework/src/Illuminate/Support/Facades/Facade.php(221): October\Rain\Mail\Mailer->send('nashyang.forum:...', Array, Object(Closure))
#6 /var/www/html/plugins/nashyang/forum/controllers/event_list.php(390): Illuminate\Support\Facades\Facade::__callStatic('send', Array)
#7 [internal function]: Nashyang\Forum\Controllers\Event_list->onSendMailFormTubeOne('5')
#8 /var/www/html/modules/backend/Classes/Controller.php(621): call_user_func_array(Array, Array)
#9 /var/www/html/modules/backend/Classes/Controller.php(471): Backend\Classes\Controller->runAjaxHandler('onSendMailFormT...')
#10 /var/www/html/modules/backend/Classes/Controller.php(268): Backend\Classes\Controller->execAjaxHandlers()
#11 /var/www/html/modules/backend/Classes/BackendController.php(161): Backend\Classes\Controller->run('update', Array)
#12 [internal function]: Backend\Classes\BackendController->run('nashyang/forum/...')
#13 /var/www/html/vendor/laravel/framework/src/Illuminate/Routing/Controller.php(54): call_user_func_array(Array, Array)
#14 /var/www/html/vendor/laravel/framework/src/Illuminate/Routing/ControllerDispatcher.php(45): Illuminate\Routing\Controller->callAction('run', Array)
#15 /var/www/html/vendor/laravel/framework/src/Illuminate/Routing/Route.php(212): Illuminate\Routing\ControllerDispatcher->dispatch(Object(Illuminate\Routing\Route), Object(Backend\Classes\BackendController), 'run')
#16 /var/www/html/vendor/laravel/framework/src/Illuminate/Routing/Route.php(169): Illuminate\Routing\Route->runController()
#17 /var/www/html/vendor/laravel/framework/src/Illuminate/Routing/Router.php(658): Illuminate\Routing\Route->run()
#18 /var/www/html/vendor/laravel/framework/src/Illuminate/Routing/Pipeline.php(30): Illuminate\Routing\Router->Illuminate\Routing\{closure}(Object(Illuminate\Http\Request))
#19 /var/www/html/modules/backend/Classes/BackendController.php(68): Illuminate\Routing\Pipeline->Illuminate\Routing\{closure}(Object(Illuminate\Http\Request))
#20 /var/www/html/vendor/laravel/framework/src/Illuminate/Pipeline/Pipeline.php(131): Backend\Classes\BackendController->Backend\Classes\{closure}(Object(Illuminate\Http\Request), Object(Closure))
#21 /var/www/html/vendor/laravel/framework/src/Illuminate/Routing/Pipeline.php(53): Illuminate\Pipeline\Pipeline->Illuminate\Pipeline\{closure}(Object(Illuminate\Http\Request))
#22 /var/www/html/vendor/laravel/framework/src/Illuminate/Routing/Middleware/SubstituteBindings.php(41): Illuminate\Routing\Pipeline->Illuminate\Routing\{closure}(Object(Illuminate\Http\Request))
#23 /var/www/html/vendor/laravel/framework/src/Illuminate/Pipeline/Pipeline.php(149): Illuminate\Routing\Middleware\SubstituteBindings->handle(Object(Illuminate\Http\Request), Object(Closure))
#24 /var/www/html/vendor/laravel/framework/src/Illuminate/Routing/Pipeline.php(53): Illuminate\Pipeline\Pipeline->Illuminate\Pipeline\{closure}(Object(Illuminate\Http\Request))
#25 /var/www/html/vendor/laravel/framework/src/Illuminate/View/Middleware/ShareErrorsFromSession.php(49): Illuminate\Routing\Pipeline->Illuminate\Routing\{closure}(Object(Illuminate\Http\Request))
#26 /var/www/html/vendor/laravel/framework/src/Illuminate/Pipeline/Pipeline.php(149): Illuminate\View\Middleware\ShareErrorsFromSession->handle(Object(Illuminate\Http\Request), Object(Closure))
#27 /var/www/html/vendor/laravel/framework/src/Illuminate/Routing/Pipeline.php(53): Illuminate\Pipeline\Pipeline->Illuminate\Pipeline\{closure}(Object(Illuminate\Http\Request))
#28 /var/www/html/vendor/laravel/framework/src/Illuminate/Session/Middleware/StartSession.php(63): Illuminate\Routing\Pipeline->Illuminate\Routing\{closure}(Object(Illuminate\Http\Request))
#29 /var/www/html/vendor/laravel/framework/src/Illuminate/Pipeline/Pipeline.php(149): Illuminate\Session\Middleware\StartSession->handle(Object(Illuminate\Http\Request), Object(Closure))
#30 /var/www/html/vendor/laravel/framework/src/Illuminate/Routing/Pipeline.php(53): Illuminate\Pipeline\Pipeline->Illuminate\Pipeline\{closure}(Object(Illuminate\Http\Request))
#31 /var/www/html/vendor/laravel/framework/src/Illuminate/Cookie/Middleware/AddQueuedCookiesToResponse.php(37): Illuminate\Routing\Pipeline->Illuminate\Routing\{closure}(Object(Illuminate\Http\Request))
#32 /var/www/html/vendor/laravel/framework/src/Illuminate/Pipeline/Pipeline.php(149): Illuminate\Cookie\Middleware\AddQueuedCookiesToResponse->handle(Object(Illuminate\Http\Request), Object(Closure))
#33 /var/www/html/vendor/laravel/framework/src/Illuminate/Routing/Pipeline.php(53): Illuminate\Pipeline\Pipeline->Illuminate\Pipeline\{closure}(Object(Illuminate\Http\Request))
#34 /var/www/html/vendor/laravel/framework/src/Illuminate/Cookie/Middleware/EncryptCookies.php(66): Illuminate\Routing\Pipeline->Illuminate\Routing\{closure}(Object(Illuminate\Http\Request))
#35 /var/www/html/vendor/laravel/framework/src/Illuminate/Pipeline/Pipeline.php(149): Illuminate\Cookie\Middleware\EncryptCookies->handle(Object(Illuminate\Http\Request), Object(Closure))
#36 /var/www/html/vendor/laravel/framework/src/Illuminate/Routing/Pipeline.php(53): Illuminate\Pipeline\Pipeline->Illuminate\Pipeline\{closure}(Object(Illuminate\Http\Request))
#37 /var/www/html/vendor/laravel/framework/src/Illuminate/Pipeline/Pipeline.php(102): Illuminate\Routing\Pipeline->Illuminate\Routing\{closure}(Object(Illuminate\Http\Request))
#38 /var/www/html/vendor/laravel/framework/src/Illuminate/Routing/Router.php(660): Illuminate\Pipeline\Pipeline->then(Object(Closure))
#39 /var/www/html/vendor/laravel/framework/src/Illuminate/Routing/Router.php(635): Illuminate\Routing\Router->runRouteWithinStack(Object(Illuminate\Routing\Route), Object(Illuminate\Http\Request))
#40 /var/www/html/vendor/laravel/framework/src/Illuminate/Routing/Router.php(601): Illuminate\Routing\Router->runRoute(Object(Illuminate\Http\Request), Object(Illuminate\Routing\Route))
#41 /var/www/html/vendor/october/rain/src/Router/CoreRouter.php(20): Illuminate\Routing\Router->dispatchToRoute(Object(Illuminate\Http\Request))
#42 /var/www/html/vendor/laravel/framework/src/Illuminate/Foundation/Http/Kernel.php(176): October\Rain\Router\CoreRouter->dispatch(Object(Illuminate\Http\Request))
#43 /var/www/html/vendor/laravel/framework/src/Illuminate/Routing/Pipeline.php(30): Illuminate\Foundation\Http\Kernel->Illuminate\Foundation\Http\{closure}(Object(Illuminate\Http\Request))
#44 /var/www/html/vendor/laravel/framework/src/Illuminate/Foundation/Http/Middleware/CheckForMaintenanceMode.php(46): Illuminate\Routing\Pipeline->Illuminate\Routing\{closure}(Object(Illuminate\Http\Request))
#45 /var/www/html/vendor/laravel/framework/src/Illuminate/Pipeline/Pipeline.php(149): Illuminate\Foundation\Http\Middleware\CheckForMaintenanceMode->handle(Object(Illuminate\Http\Request), Object(Closure))
#46 /var/www/html/vendor/laravel/framework/src/Illuminate/Routing/Pipeline.php(53): Illuminate\Pipeline\Pipeline->Illuminate\Pipeline\{closure}(Object(Illuminate\Http\Request))
#47 /var/www/html/vendor/laravel/framework/src/Illuminate/Pipeline/Pipeline.php(102): Illuminate\Routing\Pipeline->Illuminate\Routing\{closure}(Object(Illuminate\Http\Request))
#48 /var/www/html/vendor/laravel/framework/src/Illuminate/Foundation/Http/Kernel.php(151): Illuminate\Pipeline\Pipeline->then(Object(Closure))
#49 /var/www/html/vendor/laravel/framework/src/Illuminate/Foundation/Http/Kernel.php(116): Illuminate\Foundation\Http\Kernel->sendRequestThroughRouter(Object(Illuminate\Http\Request))
#50 /var/www/html/index.php(43): Illuminate\Foundation\Http\Kernel->handle(Object(Illuminate\Http\Request))
#51 {main}  
[2020-12-08 10:37:52] docker.ERROR: Swift_TransportException: Failed to authenticate on SMTP server with username "momoto566@gmail.com" using 3 possible authenticators. Authenticator LOGIN returned Expected response code 235 but got code "535", with message "535-5.7.8 Username and Password not accepted. Learn more at
535 5.7.8  https://support.google.com/mail/?p=BadCredentials m15sm6670063pfa.72 - gsmtp
". Authenticator PLAIN returned Expected response code 235 but got code "535", with message "535-5.7.8 Username and Password not accepted. Learn more at
535 5.7.8  https://support.google.com/mail/?p=BadCredentials m15sm6670063pfa.72 - gsmtp
". Authenticator XOAUTH2 returned Expected response code 250 but got code "535", with message "535-5.7.8 Username and Password not accepted. Learn more at
535 5.7.8  https://support.google.com/mail/?p=BadCredentials m15sm6670063pfa.72 - gsmtp
". in /var/www/html/vendor/swiftmailer/swiftmailer/lib/classes/Swift/Transport/Esmtp/AuthHandler.php:191
Stack trace:
#0 /var/www/html/vendor/swiftmailer/swiftmailer/lib/classes/Swift/Transport/EsmtpTransport.php(371): Swift_Transport_Esmtp_AuthHandler->afterEhlo(Object(Swift_SmtpTransport))
#1 /var/www/html/vendor/swiftmailer/swiftmailer/lib/classes/Swift/Transport/AbstractSmtpTransport.php(148): Swift_Transport_EsmtpTransport->doHeloCommand()
#2 /var/www/html/vendor/swiftmailer/swiftmailer/lib/classes/Swift/Mailer.php(65): Swift_Transport_AbstractSmtpTransport->start()
#3 /var/www/html/vendor/laravel/framework/src/Illuminate/Mail/Mailer.php(451): Swift_Mailer->send(Object(Swift_Message), Array)
#4 /var/www/html/vendor/october/rain/src/Mail/Mailer.php(115): Illuminate\Mail\Mailer->sendSwiftMessage(Object(Swift_Message))
#5 /var/www/html/vendor/laravel/framework/src/Illuminate/Support/Facades/Facade.php(221): October\Rain\Mail\Mailer->send('nashyang.forum:...', Array, Object(Closure))
#6 /var/www/html/plugins/nashyang/forum/controllers/event_list.php(390): Illuminate\Support\Facades\Facade::__callStatic('send', Array)
#7 [internal function]: Nashyang\Forum\Controllers\Event_list->onSendMailFormTubeOne('5')
#8 /var/www/html/modules/backend/Classes/Controller.php(621): call_user_func_array(Array, Array)
#9 /var/www/html/modules/backend/Classes/Controller.php(471): Backend\Classes\Controller->runAjaxHandler('onSendMailFormT...')
#10 /var/www/html/modules/backend/Classes/Controller.php(268): Backend\Classes\Controller->execAjaxHandlers()
#11 /var/www/html/modules/backend/Classes/BackendController.php(161): Backend\Classes\Controller->run('update', Array)
#12 [internal function]: Backend\Classes\BackendController->run('nashyang/forum/...')
#13 /var/www/html/vendor/laravel/framework/src/Illuminate/Routing/Controller.php(54): call_user_func_array(Array, Array)
#14 /var/www/html/vendor/laravel/framework/src/Illuminate/Routing/ControllerDispatcher.php(45): Illuminate\Routing\Controller->callAction('run', Array)
#15 /var/www/html/vendor/laravel/framework/src/Illuminate/Routing/Route.php(212): Illuminate\Routing\ControllerDispatcher->dispatch(Object(Illuminate\Routing\Route), Object(Backend\Classes\BackendController), 'run')
#16 /var/www/html/vendor/laravel/framework/src/Illuminate/Routing/Route.php(169): Illuminate\Routing\Route->runController()
#17 /var/www/html/vendor/laravel/framework/src/Illuminate/Routing/Router.php(658): Illuminate\Routing\Route->run()
#18 /var/www/html/vendor/laravel/framework/src/Illuminate/Routing/Pipeline.php(30): Illuminate\Routing\Router->Illuminate\Routing\{closure}(Object(Illuminate\Http\Request))
#19 /var/www/html/modules/backend/Classes/BackendController.php(68): Illuminate\Routing\Pipeline->Illuminate\Routing\{closure}(Object(Illuminate\Http\Request))
#20 /var/www/html/vendor/laravel/framework/src/Illuminate/Pipeline/Pipeline.php(131): Backend\Classes\BackendController->Backend\Classes\{closure}(Object(Illuminate\Http\Request), Object(Closure))
#21 /var/www/html/vendor/laravel/framework/src/Illuminate/Routing/Pipeline.php(53): Illuminate\Pipeline\Pipeline->Illuminate\Pipeline\{closure}(Object(Illuminate\Http\Request))
#22 /var/www/html/vendor/laravel/framework/src/Illuminate/Routing/Middleware/SubstituteBindings.php(41): Illuminate\Routing\Pipeline->Illuminate\Routing\{closure}(Object(Illuminate\Http\Request))
#23 /var/www/html/vendor/laravel/framework/src/Illuminate/Pipeline/Pipeline.php(149): Illuminate\Routing\Middleware\SubstituteBindings->handle(Object(Illuminate\Http\Request), Object(Closure))
#24 /var/www/html/vendor/laravel/framework/src/Illuminate/Routing/Pipeline.php(53): Illuminate\Pipeline\Pipeline->Illuminate\Pipeline\{closure}(Object(Illuminate\Http\Request))
#25 /var/www/html/vendor/laravel/framework/src/Illuminate/View/Middleware/ShareErrorsFromSession.php(49): Illuminate\Routing\Pipeline->Illuminate\Routing\{closure}(Object(Illuminate\Http\Request))
#26 /var/www/html/vendor/laravel/framework/src/Illuminate/Pipeline/Pipeline.php(149): Illuminate\View\Middleware\ShareErrorsFromSession->handle(Object(Illuminate\Http\Request), Object(Closure))
#27 /var/www/html/vendor/laravel/framework/src/Illuminate/Routing/Pipeline.php(53): Illuminate\Pipeline\Pipeline->Illuminate\Pipeline\{closure}(Object(Illuminate\Http\Request))
#28 /var/www/html/vendor/laravel/framework/src/Illuminate/Session/Middleware/StartSession.php(63): Illuminate\Routing\Pipeline->Illuminate\Routing\{closure}(Object(Illuminate\Http\Request))
#29 /var/www/html/vendor/laravel/framework/src/Illuminate/Pipeline/Pipeline.php(149): Illuminate\Session\Middleware\StartSession->handle(Object(Illuminate\Http\Request), Object(Closure))
#30 /var/www/html/vendor/laravel/framework/src/Illuminate/Routing/Pipeline.php(53): Illuminate\Pipeline\Pipeline->Illuminate\Pipeline\{closure}(Object(Illuminate\Http\Request))
#31 /var/www/html/vendor/laravel/framework/src/Illuminate/Cookie/Middleware/AddQueuedCookiesToResponse.php(37): Illuminate\Routing\Pipeline->Illuminate\Routing\{closure}(Object(Illuminate\Http\Request))
#32 /var/www/html/vendor/laravel/framework/src/Illuminate/Pipeline/Pipeline.php(149): Illuminate\Cookie\Middleware\AddQueuedCookiesToResponse->handle(Object(Illuminate\Http\Request), Object(Closure))
#33 /var/www/html/vendor/laravel/framework/src/Illuminate/Routing/Pipeline.php(53): Illuminate\Pipeline\Pipeline->Illuminate\Pipeline\{closure}(Object(Illuminate\Http\Request))
#34 /var/www/html/vendor/laravel/framework/src/Illuminate/Cookie/Middleware/EncryptCookies.php(66): Illuminate\Routing\Pipeline->Illuminate\Routing\{closure}(Object(Illuminate\Http\Request))
#35 /var/www/html/vendor/laravel/framework/src/Illuminate/Pipeline/Pipeline.php(149): Illuminate\Cookie\Middleware\EncryptCookies->handle(Object(Illuminate\Http\Request), Object(Closure))
#36 /var/www/html/vendor/laravel/framework/src/Illuminate/Routing/Pipeline.php(53): Illuminate\Pipeline\Pipeline->Illuminate\Pipeline\{closure}(Object(Illuminate\Http\Request))
#37 /var/www/html/vendor/laravel/framework/src/Illuminate/Pipeline/Pipeline.php(102): Illuminate\Routing\Pipeline->Illuminate\Routing\{closure}(Object(Illuminate\Http\Request))
#38 /var/www/html/vendor/laravel/framework/src/Illuminate/Routing/Router.php(660): Illuminate\Pipeline\Pipeline->then(Object(Closure))
#39 /var/www/html/vendor/laravel/framework/src/Illuminate/Routing/Router.php(635): Illuminate\Routing\Router->runRouteWithinStack(Object(Illuminate\Routing\Route), Object(Illuminate\Http\Request))
#40 /var/www/html/vendor/laravel/framework/src/Illuminate/Routing/Router.php(601): Illuminate\Routing\Router->runRoute(Object(Illuminate\Http\Request), Object(Illuminate\Routing\Route))
#41 /var/www/html/vendor/october/rain/src/Router/CoreRouter.php(20): Illuminate\Routing\Router->dispatchToRoute(Object(Illuminate\Http\Request))
#42 /var/www/html/vendor/laravel/framework/src/Illuminate/Foundation/Http/Kernel.php(176): October\Rain\Router\CoreRouter->dispatch(Object(Illuminate\Http\Request))
#43 /var/www/html/vendor/laravel/framework/src/Illuminate/Routing/Pipeline.php(30): Illuminate\Foundation\Http\Kernel->Illuminate\Foundation\Http\{closure}(Object(Illuminate\Http\Request))
#44 /var/www/html/vendor/laravel/framework/src/Illuminate/Foundation/Http/Middleware/CheckForMaintenanceMode.php(46): Illuminate\Routing\Pipeline->Illuminate\Routing\{closure}(Object(Illuminate\Http\Request))
#45 /var/www/html/vendor/laravel/framework/src/Illuminate/Pipeline/Pipeline.php(149): Illuminate\Foundation\Http\Middleware\CheckForMaintenanceMode->handle(Object(Illuminate\Http\Request), Object(Closure))
#46 /var/www/html/vendor/laravel/framework/src/Illuminate/Routing/Pipeline.php(53): Illuminate\Pipeline\Pipeline->Illuminate\Pipeline\{closure}(Object(Illuminate\Http\Request))
#47 /var/www/html/vendor/laravel/framework/src/Illuminate/Pipeline/Pipeline.php(102): Illuminate\Routing\Pipeline->Illuminate\Routing\{closure}(Object(Illuminate\Http\Request))
#48 /var/www/html/vendor/laravel/framework/src/Illuminate/Foundation/Http/Kernel.php(151): Illuminate\Pipeline\Pipeline->then(Object(Closure))
#49 /var/www/html/vendor/laravel/framework/src/Illuminate/Foundation/Http/Kernel.php(116): Illuminate\Foundation\Http\Kernel->sendRequestThroughRouter(Object(Illuminate\Http\Request))
#50 /var/www/html/index.php(43): Illuminate\Foundation\Http\Kernel->handle(Object(Illuminate\Http\Request))
#51 {main}  
[2020-12-08 10:39:03] docker.ERROR: Swift_TransportException: Failed to authenticate on SMTP server with username "hikkijojo@gmail.com" using 3 possible authenticators. Authenticator LOGIN returned Expected response code 235 but got code "534", with message "534-5.7.9 Application-specific password required. Learn more at
534 5.7.9  https://support.google.com/mail/?p=InvalidSecondFactor a17sm13126890pga.56 - gsmtp
". Authenticator PLAIN returned Expected response code 235 but got code "534", with message "534-5.7.9 Application-specific password required. Learn more at
534 5.7.9  https://support.google.com/mail/?p=InvalidSecondFactor a17sm13126890pga.56 - gsmtp
". Authenticator XOAUTH2 returned Expected response code 250 but got code "535", with message "535-5.7.8 Username and Password not accepted. Learn more at
535 5.7.8  https://support.google.com/mail/?p=BadCredentials a17sm13126890pga.56 - gsmtp
". in /var/www/html/vendor/swiftmailer/swiftmailer/lib/classes/Swift/Transport/Esmtp/AuthHandler.php:191
Stack trace:
#0 /var/www/html/vendor/swiftmailer/swiftmailer/lib/classes/Swift/Transport/EsmtpTransport.php(371): Swift_Transport_Esmtp_AuthHandler->afterEhlo(Object(Swift_SmtpTransport))
#1 /var/www/html/vendor/swiftmailer/swiftmailer/lib/classes/Swift/Transport/AbstractSmtpTransport.php(148): Swift_Transport_EsmtpTransport->doHeloCommand()
#2 /var/www/html/vendor/swiftmailer/swiftmailer/lib/classes/Swift/Mailer.php(65): Swift_Transport_AbstractSmtpTransport->start()
#3 /var/www/html/vendor/laravel/framework/src/Illuminate/Mail/Mailer.php(451): Swift_Mailer->send(Object(Swift_Message), Array)
#4 /var/www/html/vendor/october/rain/src/Mail/Mailer.php(115): Illuminate\Mail\Mailer->sendSwiftMessage(Object(Swift_Message))
#5 /var/www/html/vendor/laravel/framework/src/Illuminate/Support/Facades/Facade.php(221): October\Rain\Mail\Mailer->send('nashyang.forum:...', Array, Object(Closure))
#6 /var/www/html/plugins/nashyang/forum/controllers/event_list.php(390): Illuminate\Support\Facades\Facade::__callStatic('send', Array)
#7 [internal function]: Nashyang\Forum\Controllers\Event_list->onSendMailFormTubeOne('5')
#8 /var/www/html/modules/backend/Classes/Controller.php(621): call_user_func_array(Array, Array)
#9 /var/www/html/modules/backend/Classes/Controller.php(471): Backend\Classes\Controller->runAjaxHandler('onSendMailFormT...')
#10 /var/www/html/modules/backend/Classes/Controller.php(268): Backend\Classes\Controller->execAjaxHandlers()
#11 /var/www/html/modules/backend/Classes/BackendController.php(161): Backend\Classes\Controller->run('update', Array)
#12 [internal function]: Backend\Classes\BackendController->run('nashyang/forum/...')
#13 /var/www/html/vendor/laravel/framework/src/Illuminate/Routing/Controller.php(54): call_user_func_array(Array, Array)
#14 /var/www/html/vendor/laravel/framework/src/Illuminate/Routing/ControllerDispatcher.php(45): Illuminate\Routing\Controller->callAction('run', Array)
#15 /var/www/html/vendor/laravel/framework/src/Illuminate/Routing/Route.php(212): Illuminate\Routing\ControllerDispatcher->dispatch(Object(Illuminate\Routing\Route), Object(Backend\Classes\BackendController), 'run')
#16 /var/www/html/vendor/laravel/framework/src/Illuminate/Routing/Route.php(169): Illuminate\Routing\Route->runController()
#17 /var/www/html/vendor/laravel/framework/src/Illuminate/Routing/Router.php(658): Illuminate\Routing\Route->run()
#18 /var/www/html/vendor/laravel/framework/src/Illuminate/Routing/Pipeline.php(30): Illuminate\Routing\Router->Illuminate\Routing\{closure}(Object(Illuminate\Http\Request))
#19 /var/www/html/modules/backend/Classes/BackendController.php(68): Illuminate\Routing\Pipeline->Illuminate\Routing\{closure}(Object(Illuminate\Http\Request))
#20 /var/www/html/vendor/laravel/framework/src/Illuminate/Pipeline/Pipeline.php(131): Backend\Classes\BackendController->Backend\Classes\{closure}(Object(Illuminate\Http\Request), Object(Closure))
#21 /var/www/html/vendor/laravel/framework/src/Illuminate/Routing/Pipeline.php(53): Illuminate\Pipeline\Pipeline->Illuminate\Pipeline\{closure}(Object(Illuminate\Http\Request))
#22 /var/www/html/vendor/laravel/framework/src/Illuminate/Routing/Middleware/SubstituteBindings.php(41): Illuminate\Routing\Pipeline->Illuminate\Routing\{closure}(Object(Illuminate\Http\Request))
#23 /var/www/html/vendor/laravel/framework/src/Illuminate/Pipeline/Pipeline.php(149): Illuminate\Routing\Middleware\SubstituteBindings->handle(Object(Illuminate\Http\Request), Object(Closure))
#24 /var/www/html/vendor/laravel/framework/src/Illuminate/Routing/Pipeline.php(53): Illuminate\Pipeline\Pipeline->Illuminate\Pipeline\{closure}(Object(Illuminate\Http\Request))
#25 /var/www/html/vendor/laravel/framework/src/Illuminate/View/Middleware/ShareErrorsFromSession.php(49): Illuminate\Routing\Pipeline->Illuminate\Routing\{closure}(Object(Illuminate\Http\Request))
#26 /var/www/html/vendor/laravel/framework/src/Illuminate/Pipeline/Pipeline.php(149): Illuminate\View\Middleware\ShareErrorsFromSession->handle(Object(Illuminate\Http\Request), Object(Closure))
#27 /var/www/html/vendor/laravel/framework/src/Illuminate/Routing/Pipeline.php(53): Illuminate\Pipeline\Pipeline->Illuminate\Pipeline\{closure}(Object(Illuminate\Http\Request))
#28 /var/www/html/vendor/laravel/framework/src/Illuminate/Session/Middleware/StartSession.php(63): Illuminate\Routing\Pipeline->Illuminate\Routing\{closure}(Object(Illuminate\Http\Request))
#29 /var/www/html/vendor/laravel/framework/src/Illuminate/Pipeline/Pipeline.php(149): Illuminate\Session\Middleware\StartSession->handle(Object(Illuminate\Http\Request), Object(Closure))
#30 /var/www/html/vendor/laravel/framework/src/Illuminate/Routing/Pipeline.php(53): Illuminate\Pipeline\Pipeline->Illuminate\Pipeline\{closure}(Object(Illuminate\Http\Request))
#31 /var/www/html/vendor/laravel/framework/src/Illuminate/Cookie/Middleware/AddQueuedCookiesToResponse.php(37): Illuminate\Routing\Pipeline->Illuminate\Routing\{closure}(Object(Illuminate\Http\Request))
#32 /var/www/html/vendor/laravel/framework/src/Illuminate/Pipeline/Pipeline.php(149): Illuminate\Cookie\Middleware\AddQueuedCookiesToResponse->handle(Object(Illuminate\Http\Request), Object(Closure))
#33 /var/www/html/vendor/laravel/framework/src/Illuminate/Routing/Pipeline.php(53): Illuminate\Pipeline\Pipeline->Illuminate\Pipeline\{closure}(Object(Illuminate\Http\Request))
#34 /var/www/html/vendor/laravel/framework/src/Illuminate/Cookie/Middleware/EncryptCookies.php(66): Illuminate\Routing\Pipeline->Illuminate\Routing\{closure}(Object(Illuminate\Http\Request))
#35 /var/www/html/vendor/laravel/framework/src/Illuminate/Pipeline/Pipeline.php(149): Illuminate\Cookie\Middleware\EncryptCookies->handle(Object(Illuminate\Http\Request), Object(Closure))
#36 /var/www/html/vendor/laravel/framework/src/Illuminate/Routing/Pipeline.php(53): Illuminate\Pipeline\Pipeline->Illuminate\Pipeline\{closure}(Object(Illuminate\Http\Request))
#37 /var/www/html/vendor/laravel/framework/src/Illuminate/Pipeline/Pipeline.php(102): Illuminate\Routing\Pipeline->Illuminate\Routing\{closure}(Object(Illuminate\Http\Request))
#38 /var/www/html/vendor/laravel/framework/src/Illuminate/Routing/Router.php(660): Illuminate\Pipeline\Pipeline->then(Object(Closure))
#39 /var/www/html/vendor/laravel/framework/src/Illuminate/Routing/Router.php(635): Illuminate\Routing\Router->runRouteWithinStack(Object(Illuminate\Routing\Route), Object(Illuminate\Http\Request))
#40 /var/www/html/vendor/laravel/framework/src/Illuminate/Routing/Router.php(601): Illuminate\Routing\Router->runRoute(Object(Illuminate\Http\Request), Object(Illuminate\Routing\Route))
#41 /var/www/html/vendor/october/rain/src/Router/CoreRouter.php(20): Illuminate\Routing\Router->dispatchToRoute(Object(Illuminate\Http\Request))
#42 /var/www/html/vendor/laravel/framework/src/Illuminate/Foundation/Http/Kernel.php(176): October\Rain\Router\CoreRouter->dispatch(Object(Illuminate\Http\Request))
#43 /var/www/html/vendor/laravel/framework/src/Illuminate/Routing/Pipeline.php(30): Illuminate\Foundation\Http\Kernel->Illuminate\Foundation\Http\{closure}(Object(Illuminate\Http\Request))
#44 /var/www/html/vendor/laravel/framework/src/Illuminate/Foundation/Http/Middleware/CheckForMaintenanceMode.php(46): Illuminate\Routing\Pipeline->Illuminate\Routing\{closure}(Object(Illuminate\Http\Request))
#45 /var/www/html/vendor/laravel/framework/src/Illuminate/Pipeline/Pipeline.php(149): Illuminate\Foundation\Http\Middleware\CheckForMaintenanceMode->handle(Object(Illuminate\Http\Request), Object(Closure))
#46 /var/www/html/vendor/laravel/framework/src/Illuminate/Routing/Pipeline.php(53): Illuminate\Pipeline\Pipeline->Illuminate\Pipeline\{closure}(Object(Illuminate\Http\Request))
#47 /var/www/html/vendor/laravel/framework/src/Illuminate/Pipeline/Pipeline.php(102): Illuminate\Routing\Pipeline->Illuminate\Routing\{closure}(Object(Illuminate\Http\Request))
#48 /var/www/html/vendor/laravel/framework/src/Illuminate/Foundation/Http/Kernel.php(151): Illuminate\Pipeline\Pipeline->then(Object(Closure))
#49 /var/www/html/vendor/laravel/framework/src/Illuminate/Foundation/Http/Kernel.php(116): Illuminate\Foundation\Http\Kernel->sendRequestThroughRouter(Object(Illuminate\Http\Request))
#50 /var/www/html/index.php(43): Illuminate\Foundation\Http\Kernel->handle(Object(Illuminate\Http\Request))
#51 {main}  
