[2020-12-14 15:03:21] docker.ERROR: PDOException: PDO::__construct(): php_network_getaddresses: getaddrinfo failed: nodename nor servname provided, or not known in /Users/nash/work/_tl/web/web_advisory03/ydaDocker03/www/html/vendor/doctrine/dbal/lib/Doctrine/DBAL/Driver/PDOConnection.php:43
Stack trace:
#0 /Users/nash/work/_tl/web/web_advisory03/ydaDocker03/www/html/vendor/doctrine/dbal/lib/Doctrine/DBAL/Driver/PDOConnection.php(43): PDO->__construct('mysql:host=mysq...', 'root', 'admin', Array)
#1 /Users/nash/work/_tl/web/web_advisory03/ydaDocker03/www/html/vendor/laravel/framework/src/Illuminate/Database/Connectors/Connector.php(64): Doctrine\DBAL\Driver\PDOConnection->__construct('mysql:host=mysq...', 'root', 'admin', Array)
#2 /Users/nash/work/_tl/web/web_advisory03/ydaDocker03/www/html/vendor/laravel/framework/src/Illuminate/Database/Connectors/Connector.php(43): Illuminate\Database\Connectors\Connector->createPdoConnection('mysql:host=mysq...', 'root', 'admin', Array)
#3 /Users/nash/work/_tl/web/web_advisory03/ydaDocker03/www/html/vendor/laravel/framework/src/Illuminate/Database/Connectors/MySqlConnector.php(24): Illuminate\Database\Connectors\Connector->createConnection('mysql:host=mysq...', Array, Array)
#4 /Users/nash/work/_tl/web/web_advisory03/ydaDocker03/www/html/vendor/october/rain/src/Database/Connectors/ConnectionFactory.php(28): Illuminate\Database\Connectors\MySqlConnector->connect(Array)
#5 [internal function]: October\Rain\Database\Connectors\ConnectionFactory->October\Rain\Database\Connectors\{closure}()
#6 /Users/nash/work/_tl/web/web_advisory03/ydaDocker03/www/html/vendor/laravel/framework/src/Illuminate/Database/Connection.php(915): call_user_func(Object(Closure))
#7 /Users/nash/work/_tl/web/web_advisory03/ydaDocker03/www/html/vendor/laravel/framework/src/Illuminate/Database/Connection.php(940): Illuminate\Database\Connection->getPdo()
#8 /Users/nash/work/_tl/web/web_advisory03/ydaDocker03/www/html/vendor/laravel/framework/src/Illuminate/Database/Connection.php(399): Illuminate\Database\Connection->getReadPdo()
#9 /Users/nash/work/_tl/web/web_advisory03/ydaDocker03/www/html/vendor/laravel/framework/src/Illuminate/Database/Connection.php(325): Illuminate\Database\Connection->getPdoForSelect(true)
#10 /Users/nash/work/_tl/web/web_advisory03/ydaDocker03/www/html/vendor/laravel/framework/src/Illuminate/Database/Connection.php(657): Illuminate\Database\Connection->Illuminate\Database\{closure}('select column_n...', Array)
#11 /Users/nash/work/_tl/web/web_advisory03/ydaDocker03/www/html/vendor/laravel/framework/src/Illuminate/Database/Connection.php(624): Illuminate\Database\Connection->runQueryCallback('select column_n...', Array, Object(Closure))
#12 /Users/nash/work/_tl/web/web_advisory03/ydaDocker03/www/html/vendor/laravel/framework/src/Illuminate/Database/Connection.php(333): Illuminate\Database\Connection->run('select column_n...', Array, Object(Closure))
#13 /Users/nash/work/_tl/web/web_advisory03/ydaDocker03/www/html/vendor/laravel/framework/src/Illuminate/Database/Schema/MySqlBuilder.php(33): Illuminate\Database\Connection->select('select column_n...', Array)
#14 /Users/nash/work/_tl/web/web_advisory03/ydaDocker03/www/html/vendor/laravel/framework/src/Illuminate/Database/Schema/Builder.php(100): Illuminate\Database\Schema\MySqlBuilder->getColumnListing('users')
#15 /Users/nash/work/_tl/web/web_advisory03/ydaDocker03/www/html/vendor/laravel/framework/src/Illuminate/Support/Facades/Facade.php(221): Illuminate\Database\Schema\Builder->hasColumns('users', Array)
#16 /Users/nash/work/_tl/web/web_advisory03/ydaDocker03/www/html/plugins/esroyo/userprofile/Plugin.php(106): Illuminate\Support\Facades\Facade::__callStatic('hasColumns', Array)
#17 /Users/nash/work/_tl/web/web_advisory03/ydaDocker03/www/html/modules/system/Classes/PluginManager.php(293): Esroyo\UserProfile\Plugin->boot()
#18 /Users/nash/work/_tl/web/web_advisory03/ydaDocker03/www/html/modules/system/Classes/PluginManager.php(275): System\Classes\PluginManager->bootPlugin(Object(Esroyo\UserProfile\Plugin))
#19 /Users/nash/work/_tl/web/web_advisory03/ydaDocker03/www/html/modules/system/ServiceProvider.php(96): System\Classes\PluginManager->bootAll()
#20 [internal function]: System\ServiceProvider->boot()
#21 /Users/nash/work/_tl/web/web_advisory03/ydaDocker03/www/html/vendor/laravel/framework/src/Illuminate/Container/BoundMethod.php(29): call_user_func_array(Array, Array)
#22 /Users/nash/work/_tl/web/web_advisory03/ydaDocker03/www/html/vendor/laravel/framework/src/Illuminate/Container/BoundMethod.php(87): Illuminate\Container\BoundMethod::Illuminate\Container\{closure}()
#23 /Users/nash/work/_tl/web/web_advisory03/ydaDocker03/www/html/vendor/laravel/framework/src/Illuminate/Container/BoundMethod.php(31): Illuminate\Container\BoundMethod::callBoundMethod(Object(October\Rain\Foundation\Application), Array, Object(Closure))
#24 /Users/nash/work/_tl/web/web_advisory03/ydaDocker03/www/html/vendor/laravel/framework/src/Illuminate/Container/Container.php(549): Illuminate\Container\BoundMethod::call(Object(October\Rain\Foundation\Application), Array, Array, NULL)
#25 /Users/nash/work/_tl/web/web_advisory03/ydaDocker03/www/html/vendor/laravel/framework/src/Illuminate/Foundation/Application.php(792): Illuminate\Container\Container->call(Array)
#26 /Users/nash/work/_tl/web/web_advisory03/ydaDocker03/www/html/vendor/laravel/framework/src/Illuminate/Foundation/Application.php(775): Illuminate\Foundation\Application->bootProvider(Object(System\ServiceProvider))
#27 [internal function]: Illuminate\Foundation\Application->Illuminate\Foundation\{closure}(Object(System\ServiceProvider), 25)
#28 /Users/nash/work/_tl/web/web_advisory03/ydaDocker03/www/html/vendor/laravel/framework/src/Illuminate/Foundation/Application.php(776): array_walk(Array, Object(Closure))
#29 /Users/nash/work/_tl/web/web_advisory03/ydaDocker03/www/html/vendor/laravel/framework/src/Illuminate/Foundation/Bootstrap/BootProviders.php(17): Illuminate\Foundation\Application->boot()
#30 /Users/nash/work/_tl/web/web_advisory03/ydaDocker03/www/html/vendor/laravel/framework/src/Illuminate/Foundation/Application.php(213): Illuminate\Foundation\Bootstrap\BootProviders->bootstrap(Object(October\Rain\Foundation\Application))
#31 /Users/nash/work/_tl/web/web_advisory03/ydaDocker03/www/html/vendor/laravel/framework/src/Illuminate/Foundation/Console/Kernel.php(296): Illuminate\Foundation\Application->bootstrapWith(Array)
#32 /Users/nash/work/_tl/web/web_advisory03/ydaDocker03/www/html/vendor/laravel/framework/src/Illuminate/Foundation/Console/Kernel.php(119): Illuminate\Foundation\Console\Kernel->bootstrap()
#33 /Users/nash/work/_tl/web/web_advisory03/ydaDocker03/www/html/artisan(35): Illuminate\Foundation\Console\Kernel->handle(Object(Symfony\Component\Console\Input\ArgvInput), Object(Symfony\Component\Console\Output\ConsoleOutput))
#34 {main}

Next PDOException: SQLSTATE[HY000] [2002] php_network_getaddresses: getaddrinfo failed: nodename nor servname provided, or not known in /Users/nash/work/_tl/web/web_advisory03/ydaDocker03/www/html/vendor/doctrine/dbal/lib/Doctrine/DBAL/Driver/PDOConnection.php:43
Stack trace:
#0 /Users/nash/work/_tl/web/web_advisory03/ydaDocker03/www/html/vendor/doctrine/dbal/lib/Doctrine/DBAL/Driver/PDOConnection.php(43): PDO->__construct('mysql:host=mysq...', 'root', 'admin', Array)
#1 /Users/nash/work/_tl/web/web_advisory03/ydaDocker03/www/html/vendor/laravel/framework/src/Illuminate/Database/Connectors/Connector.php(64): Doctrine\DBAL\Driver\PDOConnection->__construct('mysql:host=mysq...', 'root', 'admin', Array)
#2 /Users/nash/work/_tl/web/web_advisory03/ydaDocker03/www/html/vendor/laravel/framework/src/Illuminate/Database/Connectors/Connector.php(43): Illuminate\Database\Connectors\Connector->createPdoConnection('mysql:host=mysq...', 'root', 'admin', Array)
#3 /Users/nash/work/_tl/web/web_advisory03/ydaDocker03/www/html/vendor/laravel/framework/src/Illuminate/Database/Connectors/MySqlConnector.php(24): Illuminate\Database\Connectors\Connector->createConnection('mysql:host=mysq...', Array, Array)
#4 /Users/nash/work/_tl/web/web_advisory03/ydaDocker03/www/html/vendor/october/rain/src/Database/Connectors/ConnectionFactory.php(28): Illuminate\Database\Connectors\MySqlConnector->connect(Array)
#5 [internal function]: October\Rain\Database\Connectors\ConnectionFactory->October\Rain\Database\Connectors\{closure}()
#6 /Users/nash/work/_tl/web/web_advisory03/ydaDocker03/www/html/vendor/laravel/framework/src/Illuminate/Database/Connection.php(915): call_user_func(Object(Closure))
#7 /Users/nash/work/_tl/web/web_advisory03/ydaDocker03/www/html/vendor/laravel/framework/src/Illuminate/Database/Connection.php(940): Illuminate\Database\Connection->getPdo()
#8 /Users/nash/work/_tl/web/web_advisory03/ydaDocker03/www/html/vendor/laravel/framework/src/Illuminate/Database/Connection.php(399): Illuminate\Database\Connection->getReadPdo()
#9 /Users/nash/work/_tl/web/web_advisory03/ydaDocker03/www/html/vendor/laravel/framework/src/Illuminate/Database/Connection.php(325): Illuminate\Database\Connection->getPdoForSelect(true)
#10 /Users/nash/work/_tl/web/web_advisory03/ydaDocker03/www/html/vendor/laravel/framework/src/Illuminate/Database/Connection.php(657): Illuminate\Database\Connection->Illuminate\Database\{closure}('select column_n...', Array)
#11 /Users/nash/work/_tl/web/web_advisory03/ydaDocker03/www/html/vendor/laravel/framework/src/Illuminate/Database/Connection.php(624): Illuminate\Database\Connection->runQueryCallback('select column_n...', Array, Object(Closure))
#12 /Users/nash/work/_tl/web/web_advisory03/ydaDocker03/www/html/vendor/laravel/framework/src/Illuminate/Database/Connection.php(333): Illuminate\Database\Connection->run('select column_n...', Array, Object(Closure))
#13 /Users/nash/work/_tl/web/web_advisory03/ydaDocker03/www/html/vendor/laravel/framework/src/Illuminate/Database/Schema/MySqlBuilder.php(33): Illuminate\Database\Connection->select('select column_n...', Array)
#14 /Users/nash/work/_tl/web/web_advisory03/ydaDocker03/www/html/vendor/laravel/framework/src/Illuminate/Database/Schema/Builder.php(100): Illuminate\Database\Schema\MySqlBuilder->getColumnListing('users')
#15 /Users/nash/work/_tl/web/web_advisory03/ydaDocker03/www/html/vendor/laravel/framework/src/Illuminate/Support/Facades/Facade.php(221): Illuminate\Database\Schema\Builder->hasColumns('users', Array)
#16 /Users/nash/work/_tl/web/web_advisory03/ydaDocker03/www/html/plugins/esroyo/userprofile/Plugin.php(106): Illuminate\Support\Facades\Facade::__callStatic('hasColumns', Array)
#17 /Users/nash/work/_tl/web/web_advisory03/ydaDocker03/www/html/modules/system/Classes/PluginManager.php(293): Esroyo\UserProfile\Plugin->boot()
#18 /Users/nash/work/_tl/web/web_advisory03/ydaDocker03/www/html/modules/system/Classes/PluginManager.php(275): System\Classes\PluginManager->bootPlugin(Object(Esroyo\UserProfile\Plugin))
#19 /Users/nash/work/_tl/web/web_advisory03/ydaDocker03/www/html/modules/system/ServiceProvider.php(96): System\Classes\PluginManager->bootAll()
#20 [internal function]: System\ServiceProvider->boot()
#21 /Users/nash/work/_tl/web/web_advisory03/ydaDocker03/www/html/vendor/laravel/framework/src/Illuminate/Container/BoundMethod.php(29): call_user_func_array(Array, Array)
#22 /Users/nash/work/_tl/web/web_advisory03/ydaDocker03/www/html/vendor/laravel/framework/src/Illuminate/Container/BoundMethod.php(87): Illuminate\Container\BoundMethod::Illuminate\Container\{closure}()
#23 /Users/nash/work/_tl/web/web_advisory03/ydaDocker03/www/html/vendor/laravel/framework/src/Illuminate/Container/BoundMethod.php(31): Illuminate\Container\BoundMethod::callBoundMethod(Object(October\Rain\Foundation\Application), Array, Object(Closure))
#24 /Users/nash/work/_tl/web/web_advisory03/ydaDocker03/www/html/vendor/laravel/framework/src/Illuminate/Container/Container.php(549): Illuminate\Container\BoundMethod::call(Object(October\Rain\Foundation\Application), Array, Array, NULL)
#25 /Users/nash/work/_tl/web/web_advisory03/ydaDocker03/www/html/vendor/laravel/framework/src/Illuminate/Foundation/Application.php(792): Illuminate\Container\Container->call(Array)
#26 /Users/nash/work/_tl/web/web_advisory03/ydaDocker03/www/html/vendor/laravel/framework/src/Illuminate/Foundation/Application.php(775): Illuminate\Foundation\Application->bootProvider(Object(System\ServiceProvider))
#27 [internal function]: Illuminate\Foundation\Application->Illuminate\Foundation\{closure}(Object(System\ServiceProvider), 25)
#28 /Users/nash/work/_tl/web/web_advisory03/ydaDocker03/www/html/vendor/laravel/framework/src/Illuminate/Foundation/Application.php(776): array_walk(Array, Object(Closure))
#29 /Users/nash/work/_tl/web/web_advisory03/ydaDocker03/www/html/vendor/laravel/framework/src/Illuminate/Foundation/Bootstrap/BootProviders.php(17): Illuminate\Foundation\Application->boot()
#30 /Users/nash/work/_tl/web/web_advisory03/ydaDocker03/www/html/vendor/laravel/framework/src/Illuminate/Foundation/Application.php(213): Illuminate\Foundation\Bootstrap\BootProviders->bootstrap(Object(October\Rain\Foundation\Application))
#31 /Users/nash/work/_tl/web/web_advisory03/ydaDocker03/www/html/vendor/laravel/framework/src/Illuminate/Foundation/Console/Kernel.php(296): Illuminate\Foundation\Application->bootstrapWith(Array)
#32 /Users/nash/work/_tl/web/web_advisory03/ydaDocker03/www/html/vendor/laravel/framework/src/Illuminate/Foundation/Console/Kernel.php(119): Illuminate\Foundation\Console\Kernel->bootstrap()
#33 /Users/nash/work/_tl/web/web_advisory03/ydaDocker03/www/html/artisan(35): Illuminate\Foundation\Console\Kernel->handle(Object(Symfony\Component\Console\Input\ArgvInput), Object(Symfony\Component\Console\Output\ConsoleOutput))
#34 {main}

Next Doctrine\DBAL\Driver\PDOException: SQLSTATE[HY000] [2002] php_network_getaddresses: getaddrinfo failed: nodename nor servname provided, or not known in /Users/nash/work/_tl/web/web_advisory03/ydaDocker03/www/html/vendor/doctrine/dbal/lib/Doctrine/DBAL/Driver/PDOConnection.php:47
Stack trace:
#0 /Users/nash/work/_tl/web/web_advisory03/ydaDocker03/www/html/vendor/laravel/framework/src/Illuminate/Database/Connectors/Connector.php(64): Doctrine\DBAL\Driver\PDOConnection->__construct('mysql:host=mysq...', 'root', 'admin', Array)
#1 /Users/nash/work/_tl/web/web_advisory03/ydaDocker03/www/html/vendor/laravel/framework/src/Illuminate/Database/Connectors/Connector.php(43): Illuminate\Database\Connectors\Connector->createPdoConnection('mysql:host=mysq...', 'root', 'admin', Array)
#2 /Users/nash/work/_tl/web/web_advisory03/ydaDocker03/www/html/vendor/laravel/framework/src/Illuminate/Database/Connectors/MySqlConnector.php(24): Illuminate\Database\Connectors\Connector->createConnection('mysql:host=mysq...', Array, Array)
#3 /Users/nash/work/_tl/web/web_advisory03/ydaDocker03/www/html/vendor/october/rain/src/Database/Connectors/ConnectionFactory.php(28): Illuminate\Database\Connectors\MySqlConnector->connect(Array)
#4 [internal function]: October\Rain\Database\Connectors\ConnectionFactory->October\Rain\Database\Connectors\{closure}()
#5 /Users/nash/work/_tl/web/web_advisory03/ydaDocker03/www/html/vendor/laravel/framework/src/Illuminate/Database/Connection.php(915): call_user_func(Object(Closure))
#6 /Users/nash/work/_tl/web/web_advisory03/ydaDocker03/www/html/vendor/laravel/framework/src/Illuminate/Database/Connection.php(940): Illuminate\Database\Connection->getPdo()
#7 /Users/nash/work/_tl/web/web_advisory03/ydaDocker03/www/html/vendor/laravel/framework/src/Illuminate/Database/Connection.php(399): Illuminate\Database\Connection->getReadPdo()
#8 /Users/nash/work/_tl/web/web_advisory03/ydaDocker03/www/html/vendor/laravel/framework/src/Illuminate/Database/Connection.php(325): Illuminate\Database\Connection->getPdoForSelect(true)
#9 /Users/nash/work/_tl/web/web_advisory03/ydaDocker03/www/html/vendor/laravel/framework/src/Illuminate/Database/Connection.php(657): Illuminate\Database\Connection->Illuminate\Database\{closure}('select column_n...', Array)
#10 /Users/nash/work/_tl/web/web_advisory03/ydaDocker03/www/html/vendor/laravel/framework/src/Illuminate/Database/Connection.php(624): Illuminate\Database\Connection->runQueryCallback('select column_n...', Array, Object(Closure))
#11 /Users/nash/work/_tl/web/web_advisory03/ydaDocker03/www/html/vendor/laravel/framework/src/Illuminate/Database/Connection.php(333): Illuminate\Database\Connection->run('select column_n...', Array, Object(Closure))
#12 /Users/nash/work/_tl/web/web_advisory03/ydaDocker03/www/html/vendor/laravel/framework/src/Illuminate/Database/Schema/MySqlBuilder.php(33): Illuminate\Database\Connection->select('select column_n...', Array)
#13 /Users/nash/work/_tl/web/web_advisory03/ydaDocker03/www/html/vendor/laravel/framework/src/Illuminate/Database/Schema/Builder.php(100): Illuminate\Database\Schema\MySqlBuilder->getColumnListing('users')
#14 /Users/nash/work/_tl/web/web_advisory03/ydaDocker03/www/html/vendor/laravel/framework/src/Illuminate/Support/Facades/Facade.php(221): Illuminate\Database\Schema\Builder->hasColumns('users', Array)
#15 /Users/nash/work/_tl/web/web_advisory03/ydaDocker03/www/html/plugins/esroyo/userprofile/Plugin.php(106): Illuminate\Support\Facades\Facade::__callStatic('hasColumns', Array)
#16 /Users/nash/work/_tl/web/web_advisory03/ydaDocker03/www/html/modules/system/Classes/PluginManager.php(293): Esroyo\UserProfile\Plugin->boot()
#17 /Users/nash/work/_tl/web/web_advisory03/ydaDocker03/www/html/modules/system/Classes/PluginManager.php(275): System\Classes\PluginManager->bootPlugin(Object(Esroyo\UserProfile\Plugin))
#18 /Users/nash/work/_tl/web/web_advisory03/ydaDocker03/www/html/modules/system/ServiceProvider.php(96): System\Classes\PluginManager->bootAll()
#19 [internal function]: System\ServiceProvider->boot()
#20 /Users/nash/work/_tl/web/web_advisory03/ydaDocker03/www/html/vendor/laravel/framework/src/Illuminate/Container/BoundMethod.php(29): call_user_func_array(Array, Array)
#21 /Users/nash/work/_tl/web/web_advisory03/ydaDocker03/www/html/vendor/laravel/framework/src/Illuminate/Container/BoundMethod.php(87): Illuminate\Container\BoundMethod::Illuminate\Container\{closure}()
#22 /Users/nash/work/_tl/web/web_advisory03/ydaDocker03/www/html/vendor/laravel/framework/src/Illuminate/Container/BoundMethod.php(31): Illuminate\Container\BoundMethod::callBoundMethod(Object(October\Rain\Foundation\Application), Array, Object(Closure))
#23 /Users/nash/work/_tl/web/web_advisory03/ydaDocker03/www/html/vendor/laravel/framework/src/Illuminate/Container/Container.php(549): Illuminate\Container\BoundMethod::call(Object(October\Rain\Foundation\Application), Array, Array, NULL)
#24 /Users/nash/work/_tl/web/web_advisory03/ydaDocker03/www/html/vendor/laravel/framework/src/Illuminate/Foundation/Application.php(792): Illuminate\Container\Container->call(Array)
#25 /Users/nash/work/_tl/web/web_advisory03/ydaDocker03/www/html/vendor/laravel/framework/src/Illuminate/Foundation/Application.php(775): Illuminate\Foundation\Application->bootProvider(Object(System\ServiceProvider))
#26 [internal function]: Illuminate\Foundation\Application->Illuminate\Foundation\{closure}(Object(System\ServiceProvider), 25)
#27 /Users/nash/work/_tl/web/web_advisory03/ydaDocker03/www/html/vendor/laravel/framework/src/Illuminate/Foundation/Application.php(776): array_walk(Array, Object(Closure))
#28 /Users/nash/work/_tl/web/web_advisory03/ydaDocker03/www/html/vendor/laravel/framework/src/Illuminate/Foundation/Bootstrap/BootProviders.php(17): Illuminate\Foundation\Application->boot()
#29 /Users/nash/work/_tl/web/web_advisory03/ydaDocker03/www/html/vendor/laravel/framework/src/Illuminate/Foundation/Application.php(213): Illuminate\Foundation\Bootstrap\BootProviders->bootstrap(Object(October\Rain\Foundation\Application))
#30 /Users/nash/work/_tl/web/web_advisory03/ydaDocker03/www/html/vendor/laravel/framework/src/Illuminate/Foundation/Console/Kernel.php(296): Illuminate\Foundation\Application->bootstrapWith(Array)
#31 /Users/nash/work/_tl/web/web_advisory03/ydaDocker03/www/html/vendor/laravel/framework/src/Illuminate/Foundation/Console/Kernel.php(119): Illuminate\Foundation\Console\Kernel->bootstrap()
#32 /Users/nash/work/_tl/web/web_advisory03/ydaDocker03/www/html/artisan(35): Illuminate\Foundation\Console\Kernel->handle(Object(Symfony\Component\Console\Input\ArgvInput), Object(Symfony\Component\Console\Output\ConsoleOutput))
#33 {main}

Next Illuminate\Database\QueryException: SQLSTATE[HY000] [2002] php_network_getaddresses: getaddrinfo failed: nodename nor servname provided, or not known (SQL: select column_name as `column_name` from information_schema.columns where table_schema = yda02 and table_name = users) in /Users/nash/work/_tl/web/web_advisory03/ydaDocker03/www/html/vendor/laravel/framework/src/Illuminate/Database/Connection.php:664
Stack trace:
#0 /Users/nash/work/_tl/web/web_advisory03/ydaDocker03/www/html/vendor/laravel/framework/src/Illuminate/Database/Connection.php(624): Illuminate\Database\Connection->runQueryCallback('select column_n...', Array, Object(Closure))
#1 /Users/nash/work/_tl/web/web_advisory03/ydaDocker03/www/html/vendor/laravel/framework/src/Illuminate/Database/Connection.php(333): Illuminate\Database\Connection->run('select column_n...', Array, Object(Closure))
#2 /Users/nash/work/_tl/web/web_advisory03/ydaDocker03/www/html/vendor/laravel/framework/src/Illuminate/Database/Schema/MySqlBuilder.php(33): Illuminate\Database\Connection->select('select column_n...', Array)
#3 /Users/nash/work/_tl/web/web_advisory03/ydaDocker03/www/html/vendor/laravel/framework/src/Illuminate/Database/Schema/Builder.php(100): Illuminate\Database\Schema\MySqlBuilder->getColumnListing('users')
#4 /Users/nash/work/_tl/web/web_advisory03/ydaDocker03/www/html/vendor/laravel/framework/src/Illuminate/Support/Facades/Facade.php(221): Illuminate\Database\Schema\Builder->hasColumns('users', Array)
#5 /Users/nash/work/_tl/web/web_advisory03/ydaDocker03/www/html/plugins/esroyo/userprofile/Plugin.php(106): Illuminate\Support\Facades\Facade::__callStatic('hasColumns', Array)
#6 /Users/nash/work/_tl/web/web_advisory03/ydaDocker03/www/html/modules/system/Classes/PluginManager.php(293): Esroyo\UserProfile\Plugin->boot()
#7 /Users/nash/work/_tl/web/web_advisory03/ydaDocker03/www/html/modules/system/Classes/PluginManager.php(275): System\Classes\PluginManager->bootPlugin(Object(Esroyo\UserProfile\Plugin))
#8 /Users/nash/work/_tl/web/web_advisory03/ydaDocker03/www/html/modules/system/ServiceProvider.php(96): System\Classes\PluginManager->bootAll()
#9 [internal function]: System\ServiceProvider->boot()
#10 /Users/nash/work/_tl/web/web_advisory03/ydaDocker03/www/html/vendor/laravel/framework/src/Illuminate/Container/BoundMethod.php(29): call_user_func_array(Array, Array)
#11 /Users/nash/work/_tl/web/web_advisory03/ydaDocker03/www/html/vendor/laravel/framework/src/Illuminate/Container/BoundMethod.php(87): Illuminate\Container\BoundMethod::Illuminate\Container\{closure}()
#12 /Users/nash/work/_tl/web/web_advisory03/ydaDocker03/www/html/vendor/laravel/framework/src/Illuminate/Container/BoundMethod.php(31): Illuminate\Container\BoundMethod::callBoundMethod(Object(October\Rain\Foundation\Application), Array, Object(Closure))
#13 /Users/nash/work/_tl/web/web_advisory03/ydaDocker03/www/html/vendor/laravel/framework/src/Illuminate/Container/Container.php(549): Illuminate\Container\BoundMethod::call(Object(October\Rain\Foundation\Application), Array, Array, NULL)
#14 /Users/nash/work/_tl/web/web_advisory03/ydaDocker03/www/html/vendor/laravel/framework/src/Illuminate/Foundation/Application.php(792): Illuminate\Container\Container->call(Array)
#15 /Users/nash/work/_tl/web/web_advisory03/ydaDocker03/www/html/vendor/laravel/framework/src/Illuminate/Foundation/Application.php(775): Illuminate\Foundation\Application->bootProvider(Object(System\ServiceProvider))
#16 [internal function]: Illuminate\Foundation\Application->Illuminate\Foundation\{closure}(Object(System\ServiceProvider), 25)
#17 /Users/nash/work/_tl/web/web_advisory03/ydaDocker03/www/html/vendor/laravel/framework/src/Illuminate/Foundation/Application.php(776): array_walk(Array, Object(Closure))
#18 /Users/nash/work/_tl/web/web_advisory03/ydaDocker03/www/html/vendor/laravel/framework/src/Illuminate/Foundation/Bootstrap/BootProviders.php(17): Illuminate\Foundation\Application->boot()
#19 /Users/nash/work/_tl/web/web_advisory03/ydaDocker03/www/html/vendor/laravel/framework/src/Illuminate/Foundation/Application.php(213): Illuminate\Foundation\Bootstrap\BootProviders->bootstrap(Object(October\Rain\Foundation\Application))
#20 /Users/nash/work/_tl/web/web_advisory03/ydaDocker03/www/html/vendor/laravel/framework/src/Illuminate/Foundation/Console/Kernel.php(296): Illuminate\Foundation\Application->bootstrapWith(Array)
#21 /Users/nash/work/_tl/web/web_advisory03/ydaDocker03/www/html/vendor/laravel/framework/src/Illuminate/Foundation/Console/Kernel.php(119): Illuminate\Foundation\Console\Kernel->bootstrap()
#22 /Users/nash/work/_tl/web/web_advisory03/ydaDocker03/www/html/artisan(35): Illuminate\Foundation\Console\Kernel->handle(Object(Symfony\Component\Console\Input\ArgvInput), Object(Symfony\Component\Console\Output\ConsoleOutput))
#23 {main}  
[2020-12-14 15:06:40] docker.ERROR: PDOException: SQLSTATE[HY000] [1045] Access denied for user 'nash'@'172.24.0.4' (using password: YES) in /var/www/html/vendor/doctrine/dbal/lib/Doctrine/DBAL/Driver/PDOConnection.php:43
Stack trace:
#0 /var/www/html/vendor/doctrine/dbal/lib/Doctrine/DBAL/Driver/PDOConnection.php(43): PDO->__construct('mysql:host=mysq...', 'nash', 'hikaru0912af', Array)
#1 /var/www/html/vendor/laravel/framework/src/Illuminate/Database/Connectors/Connector.php(64): Doctrine\DBAL\Driver\PDOConnection->__construct('mysql:host=mysq...', 'nash', 'hikaru0912af', Array)
#2 /var/www/html/vendor/laravel/framework/src/Illuminate/Database/Connectors/Connector.php(43): Illuminate\Database\Connectors\Connector->createPdoConnection('mysql:host=mysq...', 'nash', 'hikaru0912af', Array)
#3 /var/www/html/vendor/laravel/framework/src/Illuminate/Database/Connectors/MySqlConnector.php(24): Illuminate\Database\Connectors\Connector->createConnection('mysql:host=mysq...', Array, Array)
#4 /var/www/html/vendor/october/rain/src/Database/Connectors/ConnectionFactory.php(28): Illuminate\Database\Connectors\MySqlConnector->connect(Array)
#5 [internal function]: October\Rain\Database\Connectors\ConnectionFactory->October\Rain\Database\Connectors\{closure}()
#6 /var/www/html/vendor/laravel/framework/src/Illuminate/Database/Connection.php(915): call_user_func(Object(Closure))
#7 /var/www/html/vendor/laravel/framework/src/Illuminate/Database/Connection.php(940): Illuminate\Database\Connection->getPdo()
#8 /var/www/html/vendor/laravel/framework/src/Illuminate/Database/Connection.php(399): Illuminate\Database\Connection->getReadPdo()
#9 /var/www/html/vendor/laravel/framework/src/Illuminate/Database/Connection.php(325): Illuminate\Database\Connection->getPdoForSelect(true)
#10 /var/www/html/vendor/laravel/framework/src/Illuminate/Database/Connection.php(657): Illuminate\Database\Connection->Illuminate\Database\{closure}('select column_n...', Array)
#11 /var/www/html/vendor/laravel/framework/src/Illuminate/Database/Connection.php(624): Illuminate\Database\Connection->runQueryCallback('select column_n...', Array, Object(Closure))
#12 /var/www/html/vendor/laravel/framework/src/Illuminate/Database/Connection.php(333): Illuminate\Database\Connection->run('select column_n...', Array, Object(Closure))
#13 /var/www/html/vendor/laravel/framework/src/Illuminate/Database/Schema/MySqlBuilder.php(33): Illuminate\Database\Connection->select('select column_n...', Array)
#14 /var/www/html/vendor/laravel/framework/src/Illuminate/Database/Schema/Builder.php(100): Illuminate\Database\Schema\MySqlBuilder->getColumnListing('users')
#15 /var/www/html/vendor/laravel/framework/src/Illuminate/Support/Facades/Facade.php(221): Illuminate\Database\Schema\Builder->hasColumns('users', Array)
#16 /var/www/html/plugins/esroyo/userprofile/Plugin.php(106): Illuminate\Support\Facades\Facade::__callStatic('hasColumns', Array)
#17 /var/www/html/modules/system/Classes/PluginManager.php(293): Esroyo\UserProfile\Plugin->boot()
#18 /var/www/html/modules/system/Classes/PluginManager.php(275): System\Classes\PluginManager->bootPlugin(Object(Esroyo\UserProfile\Plugin))
#19 /var/www/html/modules/system/ServiceProvider.php(96): System\Classes\PluginManager->bootAll()
#20 [internal function]: System\ServiceProvider->boot()
#21 /var/www/html/vendor/laravel/framework/src/Illuminate/Container/BoundMethod.php(29): call_user_func_array(Array, Array)
#22 /var/www/html/vendor/laravel/framework/src/Illuminate/Container/BoundMethod.php(87): Illuminate\Container\BoundMethod::Illuminate\Container\{closure}()
#23 /var/www/html/vendor/laravel/framework/src/Illuminate/Container/BoundMethod.php(31): Illuminate\Container\BoundMethod::callBoundMethod(Object(October\Rain\Foundation\Application), Array, Object(Closure))
#24 /var/www/html/vendor/laravel/framework/src/Illuminate/Container/Container.php(549): Illuminate\Container\BoundMethod::call(Object(October\Rain\Foundation\Application), Array, Array, NULL)
#25 /var/www/html/vendor/laravel/framework/src/Illuminate/Foundation/Application.php(792): Illuminate\Container\Container->call(Array)
#26 /var/www/html/vendor/laravel/framework/src/Illuminate/Foundation/Application.php(775): Illuminate\Foundation\Application->bootProvider(Object(System\ServiceProvider))
#27 [internal function]: Illuminate\Foundation\Application->Illuminate\Foundation\{closure}(Object(System\ServiceProvider), 25)
#28 /var/www/html/vendor/laravel/framework/src/Illuminate/Foundation/Application.php(776): array_walk(Array, Object(Closure))
#29 /var/www/html/vendor/laravel/framework/src/Illuminate/Foundation/Bootstrap/BootProviders.php(17): Illuminate\Foundation\Application->boot()
#30 /var/www/html/vendor/laravel/framework/src/Illuminate/Foundation/Application.php(213): Illuminate\Foundation\Bootstrap\BootProviders->bootstrap(Object(October\Rain\Foundation\Application))
#31 /var/www/html/vendor/laravel/framework/src/Illuminate/Foundation/Http/Kernel.php(162): Illuminate\Foundation\Application->bootstrapWith(Array)
#32 /var/www/html/vendor/laravel/framework/src/Illuminate/Foundation/Http/Kernel.php(146): Illuminate\Foundation\Http\Kernel->bootstrap()
#33 /var/www/html/vendor/laravel/framework/src/Illuminate/Foundation/Http/Kernel.php(116): Illuminate\Foundation\Http\Kernel->sendRequestThroughRouter(Object(Illuminate\Http\Request))
#34 /var/www/html/index.php(43): Illuminate\Foundation\Http\Kernel->handle(Object(Illuminate\Http\Request))
#35 {main}

Next Doctrine\DBAL\Driver\PDOException: SQLSTATE[HY000] [1045] Access denied for user 'nash'@'172.24.0.4' (using password: YES) in /var/www/html/vendor/doctrine/dbal/lib/Doctrine/DBAL/Driver/PDOConnection.php:47
Stack trace:
#0 /var/www/html/vendor/laravel/framework/src/Illuminate/Database/Connectors/Connector.php(64): Doctrine\DBAL\Driver\PDOConnection->__construct('mysql:host=mysq...', 'nash', 'hikaru0912af', Array)
#1 /var/www/html/vendor/laravel/framework/src/Illuminate/Database/Connectors/Connector.php(43): Illuminate\Database\Connectors\Connector->createPdoConnection('mysql:host=mysq...', 'nash', 'hikaru0912af', Array)
#2 /var/www/html/vendor/laravel/framework/src/Illuminate/Database/Connectors/MySqlConnector.php(24): Illuminate\Database\Connectors\Connector->createConnection('mysql:host=mysq...', Array, Array)
#3 /var/www/html/vendor/october/rain/src/Database/Connectors/ConnectionFactory.php(28): Illuminate\Database\Connectors\MySqlConnector->connect(Array)
#4 [internal function]: October\Rain\Database\Connectors\ConnectionFactory->October\Rain\Database\Connectors\{closure}()
#5 /var/www/html/vendor/laravel/framework/src/Illuminate/Database/Connection.php(915): call_user_func(Object(Closure))
#6 /var/www/html/vendor/laravel/framework/src/Illuminate/Database/Connection.php(940): Illuminate\Database\Connection->getPdo()
#7 /var/www/html/vendor/laravel/framework/src/Illuminate/Database/Connection.php(399): Illuminate\Database\Connection->getReadPdo()
#8 /var/www/html/vendor/laravel/framework/src/Illuminate/Database/Connection.php(325): Illuminate\Database\Connection->getPdoForSelect(true)
#9 /var/www/html/vendor/laravel/framework/src/Illuminate/Database/Connection.php(657): Illuminate\Database\Connection->Illuminate\Database\{closure}('select column_n...', Array)
#10 /var/www/html/vendor/laravel/framework/src/Illuminate/Database/Connection.php(624): Illuminate\Database\Connection->runQueryCallback('select column_n...', Array, Object(Closure))
#11 /var/www/html/vendor/laravel/framework/src/Illuminate/Database/Connection.php(333): Illuminate\Database\Connection->run('select column_n...', Array, Object(Closure))
#12 /var/www/html/vendor/laravel/framework/src/Illuminate/Database/Schema/MySqlBuilder.php(33): Illuminate\Database\Connection->select('select column_n...', Array)
#13 /var/www/html/vendor/laravel/framework/src/Illuminate/Database/Schema/Builder.php(100): Illuminate\Database\Schema\MySqlBuilder->getColumnListing('users')
#14 /var/www/html/vendor/laravel/framework/src/Illuminate/Support/Facades/Facade.php(221): Illuminate\Database\Schema\Builder->hasColumns('users', Array)
#15 /var/www/html/plugins/esroyo/userprofile/Plugin.php(106): Illuminate\Support\Facades\Facade::__callStatic('hasColumns', Array)
#16 /var/www/html/modules/system/Classes/PluginManager.php(293): Esroyo\UserProfile\Plugin->boot()
#17 /var/www/html/modules/system/Classes/PluginManager.php(275): System\Classes\PluginManager->bootPlugin(Object(Esroyo\UserProfile\Plugin))
#18 /var/www/html/modules/system/ServiceProvider.php(96): System\Classes\PluginManager->bootAll()
#19 [internal function]: System\ServiceProvider->boot()
#20 /var/www/html/vendor/laravel/framework/src/Illuminate/Container/BoundMethod.php(29): call_user_func_array(Array, Array)
#21 /var/www/html/vendor/laravel/framework/src/Illuminate/Container/BoundMethod.php(87): Illuminate\Container\BoundMethod::Illuminate\Container\{closure}()
#22 /var/www/html/vendor/laravel/framework/src/Illuminate/Container/BoundMethod.php(31): Illuminate\Container\BoundMethod::callBoundMethod(Object(October\Rain\Foundation\Application), Array, Object(Closure))
#23 /var/www/html/vendor/laravel/framework/src/Illuminate/Container/Container.php(549): Illuminate\Container\BoundMethod::call(Object(October\Rain\Foundation\Application), Array, Array, NULL)
#24 /var/www/html/vendor/laravel/framework/src/Illuminate/Foundation/Application.php(792): Illuminate\Container\Container->call(Array)
#25 /var/www/html/vendor/laravel/framework/src/Illuminate/Foundation/Application.php(775): Illuminate\Foundation\Application->bootProvider(Object(System\ServiceProvider))
#26 [internal function]: Illuminate\Foundation\Application->Illuminate\Foundation\{closure}(Object(System\ServiceProvider), 25)
#27 /var/www/html/vendor/laravel/framework/src/Illuminate/Foundation/Application.php(776): array_walk(Array, Object(Closure))
#28 /var/www/html/vendor/laravel/framework/src/Illuminate/Foundation/Bootstrap/BootProviders.php(17): Illuminate\Foundation\Application->boot()
#29 /var/www/html/vendor/laravel/framework/src/Illuminate/Foundation/Application.php(213): Illuminate\Foundation\Bootstrap\BootProviders->bootstrap(Object(October\Rain\Foundation\Application))
#30 /var/www/html/vendor/laravel/framework/src/Illuminate/Foundation/Http/Kernel.php(162): Illuminate\Foundation\Application->bootstrapWith(Array)
#31 /var/www/html/vendor/laravel/framework/src/Illuminate/Foundation/Http/Kernel.php(146): Illuminate\Foundation\Http\Kernel->bootstrap()
#32 /var/www/html/vendor/laravel/framework/src/Illuminate/Foundation/Http/Kernel.php(116): Illuminate\Foundation\Http\Kernel->sendRequestThroughRouter(Object(Illuminate\Http\Request))
#33 /var/www/html/index.php(43): Illuminate\Foundation\Http\Kernel->handle(Object(Illuminate\Http\Request))
#34 {main}

Next Illuminate\Database\QueryException: SQLSTATE[HY000] [1045] Access denied for user 'nash'@'172.24.0.4' (using password: YES) (SQL: select column_name as `column_name` from information_schema.columns where table_schema = yda02 and table_name = users) in /var/www/html/vendor/laravel/framework/src/Illuminate/Database/Connection.php:664
Stack trace:
#0 /var/www/html/vendor/laravel/framework/src/Illuminate/Database/Connection.php(624): Illuminate\Database\Connection->runQueryCallback('select column_n...', Array, Object(Closure))
#1 /var/www/html/vendor/laravel/framework/src/Illuminate/Database/Connection.php(333): Illuminate\Database\Connection->run('select column_n...', Array, Object(Closure))
#2 /var/www/html/vendor/laravel/framework/src/Illuminate/Database/Schema/MySqlBuilder.php(33): Illuminate\Database\Connection->select('select column_n...', Array)
#3 /var/www/html/vendor/laravel/framework/src/Illuminate/Database/Schema/Builder.php(100): Illuminate\Database\Schema\MySqlBuilder->getColumnListing('users')
#4 /var/www/html/vendor/laravel/framework/src/Illuminate/Support/Facades/Facade.php(221): Illuminate\Database\Schema\Builder->hasColumns('users', Array)
#5 /var/www/html/plugins/esroyo/userprofile/Plugin.php(106): Illuminate\Support\Facades\Facade::__callStatic('hasColumns', Array)
#6 /var/www/html/modules/system/Classes/PluginManager.php(293): Esroyo\UserProfile\Plugin->boot()
#7 /var/www/html/modules/system/Classes/PluginManager.php(275): System\Classes\PluginManager->bootPlugin(Object(Esroyo\UserProfile\Plugin))
#8 /var/www/html/modules/system/ServiceProvider.php(96): System\Classes\PluginManager->bootAll()
#9 [internal function]: System\ServiceProvider->boot()
#10 /var/www/html/vendor/laravel/framework/src/Illuminate/Container/BoundMethod.php(29): call_user_func_array(Array, Array)
#11 /var/www/html/vendor/laravel/framework/src/Illuminate/Container/BoundMethod.php(87): Illuminate\Container\BoundMethod::Illuminate\Container\{closure}()
#12 /var/www/html/vendor/laravel/framework/src/Illuminate/Container/BoundMethod.php(31): Illuminate\Container\BoundMethod::callBoundMethod(Object(October\Rain\Foundation\Application), Array, Object(Closure))
#13 /var/www/html/vendor/laravel/framework/src/Illuminate/Container/Container.php(549): Illuminate\Container\BoundMethod::call(Object(October\Rain\Foundation\Application), Array, Array, NULL)
#14 /var/www/html/vendor/laravel/framework/src/Illuminate/Foundation/Application.php(792): Illuminate\Container\Container->call(Array)
#15 /var/www/html/vendor/laravel/framework/src/Illuminate/Foundation/Application.php(775): Illuminate\Foundation\Application->bootProvider(Object(System\ServiceProvider))
#16 [internal function]: Illuminate\Foundation\Application->Illuminate\Foundation\{closure}(Object(System\ServiceProvider), 25)
#17 /var/www/html/vendor/laravel/framework/src/Illuminate/Foundation/Application.php(776): array_walk(Array, Object(Closure))
#18 /var/www/html/vendor/laravel/framework/src/Illuminate/Foundation/Bootstrap/BootProviders.php(17): Illuminate\Foundation\Application->boot()
#19 /var/www/html/vendor/laravel/framework/src/Illuminate/Foundation/Application.php(213): Illuminate\Foundation\Bootstrap\BootProviders->bootstrap(Object(October\Rain\Foundation\Application))
#20 /var/www/html/vendor/laravel/framework/src/Illuminate/Foundation/Http/Kernel.php(162): Illuminate\Foundation\Application->bootstrapWith(Array)
#21 /var/www/html/vendor/laravel/framework/src/Illuminate/Foundation/Http/Kernel.php(146): Illuminate\Foundation\Http\Kernel->bootstrap()
#22 /var/www/html/vendor/laravel/framework/src/Illuminate/Foundation/Http/Kernel.php(116): Illuminate\Foundation\Http\Kernel->sendRequestThroughRouter(Object(Illuminate\Http\Request))
#23 /var/www/html/index.php(43): Illuminate\Foundation\Http\Kernel->handle(Object(Illuminate\Http\Request))
#24 {main}  
[2020-12-14 15:06:41] docker.ERROR: PDOException: SQLSTATE[HY000] [1045] Access denied for user 'nash'@'172.24.0.4' (using password: YES) in /var/www/html/vendor/doctrine/dbal/lib/Doctrine/DBAL/Driver/PDOConnection.php:43
Stack trace:
#0 /var/www/html/vendor/doctrine/dbal/lib/Doctrine/DBAL/Driver/PDOConnection.php(43): PDO->__construct('mysql:host=mysq...', 'nash', 'hikaru0912af', Array)
#1 /var/www/html/vendor/laravel/framework/src/Illuminate/Database/Connectors/Connector.php(64): Doctrine\DBAL\Driver\PDOConnection->__construct('mysql:host=mysq...', 'nash', 'hikaru0912af', Array)
#2 /var/www/html/vendor/laravel/framework/src/Illuminate/Database/Connectors/Connector.php(43): Illuminate\Database\Connectors\Connector->createPdoConnection('mysql:host=mysq...', 'nash', 'hikaru0912af', Array)
#3 /var/www/html/vendor/laravel/framework/src/Illuminate/Database/Connectors/MySqlConnector.php(24): Illuminate\Database\Connectors\Connector->createConnection('mysql:host=mysq...', Array, Array)
#4 /var/www/html/vendor/october/rain/src/Database/Connectors/ConnectionFactory.php(28): Illuminate\Database\Connectors\MySqlConnector->connect(Array)
#5 [internal function]: October\Rain\Database\Connectors\ConnectionFactory->October\Rain\Database\Connectors\{closure}()
#6 /var/www/html/vendor/laravel/framework/src/Illuminate/Database/Connection.php(915): call_user_func(Object(Closure))
#7 /var/www/html/vendor/laravel/framework/src/Illuminate/Database/Connection.php(940): Illuminate\Database\Connection->getPdo()
#8 /var/www/html/vendor/laravel/framework/src/Illuminate/Database/Connection.php(399): Illuminate\Database\Connection->getReadPdo()
#9 /var/www/html/vendor/laravel/framework/src/Illuminate/Database/Connection.php(325): Illuminate\Database\Connection->getPdoForSelect(true)
#10 /var/www/html/vendor/laravel/framework/src/Illuminate/Database/Connection.php(657): Illuminate\Database\Connection->Illuminate\Database\{closure}('select column_n...', Array)
#11 /var/www/html/vendor/laravel/framework/src/Illuminate/Database/Connection.php(624): Illuminate\Database\Connection->runQueryCallback('select column_n...', Array, Object(Closure))
#12 /var/www/html/vendor/laravel/framework/src/Illuminate/Database/Connection.php(333): Illuminate\Database\Connection->run('select column_n...', Array, Object(Closure))
#13 /var/www/html/vendor/laravel/framework/src/Illuminate/Database/Schema/MySqlBuilder.php(33): Illuminate\Database\Connection->select('select column_n...', Array)
#14 /var/www/html/vendor/laravel/framework/src/Illuminate/Database/Schema/Builder.php(100): Illuminate\Database\Schema\MySqlBuilder->getColumnListing('users')
#15 /var/www/html/vendor/laravel/framework/src/Illuminate/Support/Facades/Facade.php(221): Illuminate\Database\Schema\Builder->hasColumns('users', Array)
#16 /var/www/html/plugins/esroyo/userprofile/Plugin.php(106): Illuminate\Support\Facades\Facade::__callStatic('hasColumns', Array)
#17 /var/www/html/modules/system/Classes/PluginManager.php(293): Esroyo\UserProfile\Plugin->boot()
#18 /var/www/html/modules/system/Classes/PluginManager.php(275): System\Classes\PluginManager->bootPlugin(Object(Esroyo\UserProfile\Plugin))
#19 /var/www/html/modules/system/ServiceProvider.php(96): System\Classes\PluginManager->bootAll()
#20 [internal function]: System\ServiceProvider->boot()
#21 /var/www/html/vendor/laravel/framework/src/Illuminate/Container/BoundMethod.php(29): call_user_func_array(Array, Array)
#22 /var/www/html/vendor/laravel/framework/src/Illuminate/Container/BoundMethod.php(87): Illuminate\Container\BoundMethod::Illuminate\Container\{closure}()
#23 /var/www/html/vendor/laravel/framework/src/Illuminate/Container/BoundMethod.php(31): Illuminate\Container\BoundMethod::callBoundMethod(Object(October\Rain\Foundation\Application), Array, Object(Closure))
#24 /var/www/html/vendor/laravel/framework/src/Illuminate/Container/Container.php(549): Illuminate\Container\BoundMethod::call(Object(October\Rain\Foundation\Application), Array, Array, NULL)
#25 /var/www/html/vendor/laravel/framework/src/Illuminate/Foundation/Application.php(792): Illuminate\Container\Container->call(Array)
#26 /var/www/html/vendor/laravel/framework/src/Illuminate/Foundation/Application.php(775): Illuminate\Foundation\Application->bootProvider(Object(System\ServiceProvider))
#27 [internal function]: Illuminate\Foundation\Application->Illuminate\Foundation\{closure}(Object(System\ServiceProvider), 25)
#28 /var/www/html/vendor/laravel/framework/src/Illuminate/Foundation/Application.php(776): array_walk(Array, Object(Closure))
#29 /var/www/html/vendor/laravel/framework/src/Illuminate/Foundation/Bootstrap/BootProviders.php(17): Illuminate\Foundation\Application->boot()
#30 /var/www/html/vendor/laravel/framework/src/Illuminate/Foundation/Application.php(213): Illuminate\Foundation\Bootstrap\BootProviders->bootstrap(Object(October\Rain\Foundation\Application))
#31 /var/www/html/vendor/laravel/framework/src/Illuminate/Foundation/Http/Kernel.php(162): Illuminate\Foundation\Application->bootstrapWith(Array)
#32 /var/www/html/vendor/laravel/framework/src/Illuminate/Foundation/Http/Kernel.php(146): Illuminate\Foundation\Http\Kernel->bootstrap()
#33 /var/www/html/vendor/laravel/framework/src/Illuminate/Foundation/Http/Kernel.php(116): Illuminate\Foundation\Http\Kernel->sendRequestThroughRouter(Object(Illuminate\Http\Request))
#34 /var/www/html/index.php(43): Illuminate\Foundation\Http\Kernel->handle(Object(Illuminate\Http\Request))
#35 {main}

Next Doctrine\DBAL\Driver\PDOException: SQLSTATE[HY000] [1045] Access denied for user 'nash'@'172.24.0.4' (using password: YES) in /var/www/html/vendor/doctrine/dbal/lib/Doctrine/DBAL/Driver/PDOConnection.php:47
Stack trace:
#0 /var/www/html/vendor/laravel/framework/src/Illuminate/Database/Connectors/Connector.php(64): Doctrine\DBAL\Driver\PDOConnection->__construct('mysql:host=mysq...', 'nash', 'hikaru0912af', Array)
#1 /var/www/html/vendor/laravel/framework/src/Illuminate/Database/Connectors/Connector.php(43): Illuminate\Database\Connectors\Connector->createPdoConnection('mysql:host=mysq...', 'nash', 'hikaru0912af', Array)
#2 /var/www/html/vendor/laravel/framework/src/Illuminate/Database/Connectors/MySqlConnector.php(24): Illuminate\Database\Connectors\Connector->createConnection('mysql:host=mysq...', Array, Array)
#3 /var/www/html/vendor/october/rain/src/Database/Connectors/ConnectionFactory.php(28): Illuminate\Database\Connectors\MySqlConnector->connect(Array)
#4 [internal function]: October\Rain\Database\Connectors\ConnectionFactory->October\Rain\Database\Connectors\{closure}()
#5 /var/www/html/vendor/laravel/framework/src/Illuminate/Database/Connection.php(915): call_user_func(Object(Closure))
#6 /var/www/html/vendor/laravel/framework/src/Illuminate/Database/Connection.php(940): Illuminate\Database\Connection->getPdo()
#7 /var/www/html/vendor/laravel/framework/src/Illuminate/Database/Connection.php(399): Illuminate\Database\Connection->getReadPdo()
#8 /var/www/html/vendor/laravel/framework/src/Illuminate/Database/Connection.php(325): Illuminate\Database\Connection->getPdoForSelect(true)
#9 /var/www/html/vendor/laravel/framework/src/Illuminate/Database/Connection.php(657): Illuminate\Database\Connection->Illuminate\Database\{closure}('select column_n...', Array)
#10 /var/www/html/vendor/laravel/framework/src/Illuminate/Database/Connection.php(624): Illuminate\Database\Connection->runQueryCallback('select column_n...', Array, Object(Closure))
#11 /var/www/html/vendor/laravel/framework/src/Illuminate/Database/Connection.php(333): Illuminate\Database\Connection->run('select column_n...', Array, Object(Closure))
#12 /var/www/html/vendor/laravel/framework/src/Illuminate/Database/Schema/MySqlBuilder.php(33): Illuminate\Database\Connection->select('select column_n...', Array)
#13 /var/www/html/vendor/laravel/framework/src/Illuminate/Database/Schema/Builder.php(100): Illuminate\Database\Schema\MySqlBuilder->getColumnListing('users')
#14 /var/www/html/vendor/laravel/framework/src/Illuminate/Support/Facades/Facade.php(221): Illuminate\Database\Schema\Builder->hasColumns('users', Array)
#15 /var/www/html/plugins/esroyo/userprofile/Plugin.php(106): Illuminate\Support\Facades\Facade::__callStatic('hasColumns', Array)
#16 /var/www/html/modules/system/Classes/PluginManager.php(293): Esroyo\UserProfile\Plugin->boot()
#17 /var/www/html/modules/system/Classes/PluginManager.php(275): System\Classes\PluginManager->bootPlugin(Object(Esroyo\UserProfile\Plugin))
#18 /var/www/html/modules/system/ServiceProvider.php(96): System\Classes\PluginManager->bootAll()
#19 [internal function]: System\ServiceProvider->boot()
#20 /var/www/html/vendor/laravel/framework/src/Illuminate/Container/BoundMethod.php(29): call_user_func_array(Array, Array)
#21 /var/www/html/vendor/laravel/framework/src/Illuminate/Container/BoundMethod.php(87): Illuminate\Container\BoundMethod::Illuminate\Container\{closure}()
#22 /var/www/html/vendor/laravel/framework/src/Illuminate/Container/BoundMethod.php(31): Illuminate\Container\BoundMethod::callBoundMethod(Object(October\Rain\Foundation\Application), Array, Object(Closure))
#23 /var/www/html/vendor/laravel/framework/src/Illuminate/Container/Container.php(549): Illuminate\Container\BoundMethod::call(Object(October\Rain\Foundation\Application), Array, Array, NULL)
#24 /var/www/html/vendor/laravel/framework/src/Illuminate/Foundation/Application.php(792): Illuminate\Container\Container->call(Array)
#25 /var/www/html/vendor/laravel/framework/src/Illuminate/Foundation/Application.php(775): Illuminate\Foundation\Application->bootProvider(Object(System\ServiceProvider))
#26 [internal function]: Illuminate\Foundation\Application->Illuminate\Foundation\{closure}(Object(System\ServiceProvider), 25)
#27 /var/www/html/vendor/laravel/framework/src/Illuminate/Foundation/Application.php(776): array_walk(Array, Object(Closure))
#28 /var/www/html/vendor/laravel/framework/src/Illuminate/Foundation/Bootstrap/BootProviders.php(17): Illuminate\Foundation\Application->boot()
#29 /var/www/html/vendor/laravel/framework/src/Illuminate/Foundation/Application.php(213): Illuminate\Foundation\Bootstrap\BootProviders->bootstrap(Object(October\Rain\Foundation\Application))
#30 /var/www/html/vendor/laravel/framework/src/Illuminate/Foundation/Http/Kernel.php(162): Illuminate\Foundation\Application->bootstrapWith(Array)
#31 /var/www/html/vendor/laravel/framework/src/Illuminate/Foundation/Http/Kernel.php(146): Illuminate\Foundation\Http\Kernel->bootstrap()
#32 /var/www/html/vendor/laravel/framework/src/Illuminate/Foundation/Http/Kernel.php(116): Illuminate\Foundation\Http\Kernel->sendRequestThroughRouter(Object(Illuminate\Http\Request))
#33 /var/www/html/index.php(43): Illuminate\Foundation\Http\Kernel->handle(Object(Illuminate\Http\Request))
#34 {main}

Next Illuminate\Database\QueryException: SQLSTATE[HY000] [1045] Access denied for user 'nash'@'172.24.0.4' (using password: YES) (SQL: select column_name as `column_name` from information_schema.columns where table_schema = yda02 and table_name = users) in /var/www/html/vendor/laravel/framework/src/Illuminate/Database/Connection.php:664
Stack trace:
#0 /var/www/html/vendor/laravel/framework/src/Illuminate/Database/Connection.php(624): Illuminate\Database\Connection->runQueryCallback('select column_n...', Array, Object(Closure))
#1 /var/www/html/vendor/laravel/framework/src/Illuminate/Database/Connection.php(333): Illuminate\Database\Connection->run('select column_n...', Array, Object(Closure))
#2 /var/www/html/vendor/laravel/framework/src/Illuminate/Database/Schema/MySqlBuilder.php(33): Illuminate\Database\Connection->select('select column_n...', Array)
#3 /var/www/html/vendor/laravel/framework/src/Illuminate/Database/Schema/Builder.php(100): Illuminate\Database\Schema\MySqlBuilder->getColumnListing('users')
#4 /var/www/html/vendor/laravel/framework/src/Illuminate/Support/Facades/Facade.php(221): Illuminate\Database\Schema\Builder->hasColumns('users', Array)
#5 /var/www/html/plugins/esroyo/userprofile/Plugin.php(106): Illuminate\Support\Facades\Facade::__callStatic('hasColumns', Array)
#6 /var/www/html/modules/system/Classes/PluginManager.php(293): Esroyo\UserProfile\Plugin->boot()
#7 /var/www/html/modules/system/Classes/PluginManager.php(275): System\Classes\PluginManager->bootPlugin(Object(Esroyo\UserProfile\Plugin))
#8 /var/www/html/modules/system/ServiceProvider.php(96): System\Classes\PluginManager->bootAll()
#9 [internal function]: System\ServiceProvider->boot()
#10 /var/www/html/vendor/laravel/framework/src/Illuminate/Container/BoundMethod.php(29): call_user_func_array(Array, Array)
#11 /var/www/html/vendor/laravel/framework/src/Illuminate/Container/BoundMethod.php(87): Illuminate\Container\BoundMethod::Illuminate\Container\{closure}()
#12 /var/www/html/vendor/laravel/framework/src/Illuminate/Container/BoundMethod.php(31): Illuminate\Container\BoundMethod::callBoundMethod(Object(October\Rain\Foundation\Application), Array, Object(Closure))
#13 /var/www/html/vendor/laravel/framework/src/Illuminate/Container/Container.php(549): Illuminate\Container\BoundMethod::call(Object(October\Rain\Foundation\Application), Array, Array, NULL)
#14 /var/www/html/vendor/laravel/framework/src/Illuminate/Foundation/Application.php(792): Illuminate\Container\Container->call(Array)
#15 /var/www/html/vendor/laravel/framework/src/Illuminate/Foundation/Application.php(775): Illuminate\Foundation\Application->bootProvider(Object(System\ServiceProvider))
#16 [internal function]: Illuminate\Foundation\Application->Illuminate\Foundation\{closure}(Object(System\ServiceProvider), 25)
#17 /var/www/html/vendor/laravel/framework/src/Illuminate/Foundation/Application.php(776): array_walk(Array, Object(Closure))
#18 /var/www/html/vendor/laravel/framework/src/Illuminate/Foundation/Bootstrap/BootProviders.php(17): Illuminate\Foundation\Application->boot()
#19 /var/www/html/vendor/laravel/framework/src/Illuminate/Foundation/Application.php(213): Illuminate\Foundation\Bootstrap\BootProviders->bootstrap(Object(October\Rain\Foundation\Application))
#20 /var/www/html/vendor/laravel/framework/src/Illuminate/Foundation/Http/Kernel.php(162): Illuminate\Foundation\Application->bootstrapWith(Array)
#21 /var/www/html/vendor/laravel/framework/src/Illuminate/Foundation/Http/Kernel.php(146): Illuminate\Foundation\Http\Kernel->bootstrap()
#22 /var/www/html/vendor/laravel/framework/src/Illuminate/Foundation/Http/Kernel.php(116): Illuminate\Foundation\Http\Kernel->sendRequestThroughRouter(Object(Illuminate\Http\Request))
#23 /var/www/html/index.php(43): Illuminate\Foundation\Http\Kernel->handle(Object(Illuminate\Http\Request))
#24 {main}  
[2020-12-14 15:26:10] docker.ERROR: ErrorException: Trying to get property of non-object in /var/www/html/plugins/nashyang/proposal/models/Meeting.php:57
Stack trace:
#0 /var/www/html/plugins/nashyang/proposal/models/Meeting.php(57): Illuminate\Foundation\Bootstrap\HandleExceptions->handleError(8, 'Trying to get p...', '/var/www/html/p...', 57, Array)
#1 /var/www/html/plugins/nashyang/proposal/controllers/Meeting.php(260): Nashyang\Proposal\Models\Meeting->importProposal_list('34')
#2 [internal function]: Nashyang\Proposal\Controllers\Meeting->onImportProposal('34')
#3 /var/www/html/modules/backend/Classes/Controller.php(621): call_user_func_array(Array, Array)
#4 /var/www/html/modules/backend/Classes/Controller.php(471): Backend\Classes\Controller->runAjaxHandler('onImportProposa...')
#5 /var/www/html/modules/backend/Classes/Controller.php(268): Backend\Classes\Controller->execAjaxHandlers()
#6 /var/www/html/modules/backend/Classes/BackendController.php(161): Backend\Classes\Controller->run('update', Array)
#7 [internal function]: Backend\Classes\BackendController->run('nashyang/propos...')
#8 /var/www/html/vendor/laravel/framework/src/Illuminate/Routing/Controller.php(54): call_user_func_array(Array, Array)
#9 /var/www/html/vendor/laravel/framework/src/Illuminate/Routing/ControllerDispatcher.php(45): Illuminate\Routing\Controller->callAction('run', Array)
#10 /var/www/html/vendor/laravel/framework/src/Illuminate/Routing/Route.php(212): Illuminate\Routing\ControllerDispatcher->dispatch(Object(Illuminate\Routing\Route), Object(Backend\Classes\BackendController), 'run')
#11 /var/www/html/vendor/laravel/framework/src/Illuminate/Routing/Route.php(169): Illuminate\Routing\Route->runController()
#12 /var/www/html/vendor/laravel/framework/src/Illuminate/Routing/Router.php(658): Illuminate\Routing\Route->run()
#13 /var/www/html/vendor/laravel/framework/src/Illuminate/Routing/Pipeline.php(30): Illuminate\Routing\Router->Illuminate\Routing\{closure}(Object(Illuminate\Http\Request))
#14 /var/www/html/modules/backend/Classes/BackendController.php(68): Illuminate\Routing\Pipeline->Illuminate\Routing\{closure}(Object(Illuminate\Http\Request))
#15 /var/www/html/vendor/laravel/framework/src/Illuminate/Pipeline/Pipeline.php(131): Backend\Classes\BackendController->Backend\Classes\{closure}(Object(Illuminate\Http\Request), Object(Closure))
#16 /var/www/html/vendor/laravel/framework/src/Illuminate/Routing/Pipeline.php(53): Illuminate\Pipeline\Pipeline->Illuminate\Pipeline\{closure}(Object(Illuminate\Http\Request))
#17 /var/www/html/vendor/laravel/framework/src/Illuminate/Routing/Middleware/SubstituteBindings.php(41): Illuminate\Routing\Pipeline->Illuminate\Routing\{closure}(Object(Illuminate\Http\Request))
#18 /var/www/html/vendor/laravel/framework/src/Illuminate/Pipeline/Pipeline.php(149): Illuminate\Routing\Middleware\SubstituteBindings->handle(Object(Illuminate\Http\Request), Object(Closure))
#19 /var/www/html/vendor/laravel/framework/src/Illuminate/Routing/Pipeline.php(53): Illuminate\Pipeline\Pipeline->Illuminate\Pipeline\{closure}(Object(Illuminate\Http\Request))
#20 /var/www/html/vendor/laravel/framework/src/Illuminate/View/Middleware/ShareErrorsFromSession.php(49): Illuminate\Routing\Pipeline->Illuminate\Routing\{closure}(Object(Illuminate\Http\Request))
#21 /var/www/html/vendor/laravel/framework/src/Illuminate/Pipeline/Pipeline.php(149): Illuminate\View\Middleware\ShareErrorsFromSession->handle(Object(Illuminate\Http\Request), Object(Closure))
#22 /var/www/html/vendor/laravel/framework/src/Illuminate/Routing/Pipeline.php(53): Illuminate\Pipeline\Pipeline->Illuminate\Pipeline\{closure}(Object(Illuminate\Http\Request))
#23 /var/www/html/vendor/laravel/framework/src/Illuminate/Session/Middleware/StartSession.php(63): Illuminate\Routing\Pipeline->Illuminate\Routing\{closure}(Object(Illuminate\Http\Request))
#24 /var/www/html/vendor/laravel/framework/src/Illuminate/Pipeline/Pipeline.php(149): Illuminate\Session\Middleware\StartSession->handle(Object(Illuminate\Http\Request), Object(Closure))
#25 /var/www/html/vendor/laravel/framework/src/Illuminate/Routing/Pipeline.php(53): Illuminate\Pipeline\Pipeline->Illuminate\Pipeline\{closure}(Object(Illuminate\Http\Request))
#26 /var/www/html/vendor/laravel/framework/src/Illuminate/Cookie/Middleware/AddQueuedCookiesToResponse.php(37): Illuminate\Routing\Pipeline->Illuminate\Routing\{closure}(Object(Illuminate\Http\Request))
#27 /var/www/html/vendor/laravel/framework/src/Illuminate/Pipeline/Pipeline.php(149): Illuminate\Cookie\Middleware\AddQueuedCookiesToResponse->handle(Object(Illuminate\Http\Request), Object(Closure))
#28 /var/www/html/vendor/laravel/framework/src/Illuminate/Routing/Pipeline.php(53): Illuminate\Pipeline\Pipeline->Illuminate\Pipeline\{closure}(Object(Illuminate\Http\Request))
#29 /var/www/html/vendor/laravel/framework/src/Illuminate/Cookie/Middleware/EncryptCookies.php(66): Illuminate\Routing\Pipeline->Illuminate\Routing\{closure}(Object(Illuminate\Http\Request))
#30 /var/www/html/vendor/laravel/framework/src/Illuminate/Pipeline/Pipeline.php(149): Illuminate\Cookie\Middleware\EncryptCookies->handle(Object(Illuminate\Http\Request), Object(Closure))
#31 /var/www/html/vendor/laravel/framework/src/Illuminate/Routing/Pipeline.php(53): Illuminate\Pipeline\Pipeline->Illuminate\Pipeline\{closure}(Object(Illuminate\Http\Request))
#32 /var/www/html/vendor/laravel/framework/src/Illuminate/Pipeline/Pipeline.php(102): Illuminate\Routing\Pipeline->Illuminate\Routing\{closure}(Object(Illuminate\Http\Request))
#33 /var/www/html/vendor/laravel/framework/src/Illuminate/Routing/Router.php(660): Illuminate\Pipeline\Pipeline->then(Object(Closure))
#34 /var/www/html/vendor/laravel/framework/src/Illuminate/Routing/Router.php(635): Illuminate\Routing\Router->runRouteWithinStack(Object(Illuminate\Routing\Route), Object(Illuminate\Http\Request))
#35 /var/www/html/vendor/laravel/framework/src/Illuminate/Routing/Router.php(601): Illuminate\Routing\Router->runRoute(Object(Illuminate\Http\Request), Object(Illuminate\Routing\Route))
#36 /var/www/html/vendor/october/rain/src/Router/CoreRouter.php(20): Illuminate\Routing\Router->dispatchToRoute(Object(Illuminate\Http\Request))
#37 /var/www/html/vendor/laravel/framework/src/Illuminate/Foundation/Http/Kernel.php(176): October\Rain\Router\CoreRouter->dispatch(Object(Illuminate\Http\Request))
#38 /var/www/html/vendor/laravel/framework/src/Illuminate/Routing/Pipeline.php(30): Illuminate\Foundation\Http\Kernel->Illuminate\Foundation\Http\{closure}(Object(Illuminate\Http\Request))
#39 /var/www/html/vendor/laravel/framework/src/Illuminate/Foundation/Http/Middleware/CheckForMaintenanceMode.php(46): Illuminate\Routing\Pipeline->Illuminate\Routing\{closure}(Object(Illuminate\Http\Request))
#40 /var/www/html/vendor/laravel/framework/src/Illuminate/Pipeline/Pipeline.php(149): Illuminate\Foundation\Http\Middleware\CheckForMaintenanceMode->handle(Object(Illuminate\Http\Request), Object(Closure))
#41 /var/www/html/vendor/laravel/framework/src/Illuminate/Routing/Pipeline.php(53): Illuminate\Pipeline\Pipeline->Illuminate\Pipeline\{closure}(Object(Illuminate\Http\Request))
#42 /var/www/html/vendor/laravel/framework/src/Illuminate/Pipeline/Pipeline.php(102): Illuminate\Routing\Pipeline->Illuminate\Routing\{closure}(Object(Illuminate\Http\Request))
#43 /var/www/html/vendor/laravel/framework/src/Illuminate/Foundation/Http/Kernel.php(151): Illuminate\Pipeline\Pipeline->then(Object(Closure))
#44 /var/www/html/vendor/laravel/framework/src/Illuminate/Foundation/Http/Kernel.php(116): Illuminate\Foundation\Http\Kernel->sendRequestThroughRouter(Object(Illuminate\Http\Request))
#45 /var/www/html/index.php(43): Illuminate\Foundation\Http\Kernel->handle(Object(Illuminate\Http\Request))
#46 {main}  
[2020-12-14 15:26:25] docker.ERROR: ErrorException: Trying to get property of non-object in /var/www/html/plugins/nashyang/proposal/models/Meeting.php:57
Stack trace:
#0 /var/www/html/plugins/nashyang/proposal/models/Meeting.php(57): Illuminate\Foundation\Bootstrap\HandleExceptions->handleError(8, 'Trying to get p...', '/var/www/html/p...', 57, Array)
#1 /var/www/html/plugins/nashyang/proposal/controllers/Meeting.php(260): Nashyang\Proposal\Models\Meeting->importProposal_list('34')
#2 [internal function]: Nashyang\Proposal\Controllers\Meeting->onImportProposal('34')
#3 /var/www/html/modules/backend/Classes/Controller.php(621): call_user_func_array(Array, Array)
#4 /var/www/html/modules/backend/Classes/Controller.php(471): Backend\Classes\Controller->runAjaxHandler('onImportProposa...')
#5 /var/www/html/modules/backend/Classes/Controller.php(268): Backend\Classes\Controller->execAjaxHandlers()
#6 /var/www/html/modules/backend/Classes/BackendController.php(161): Backend\Classes\Controller->run('update', Array)
#7 [internal function]: Backend\Classes\BackendController->run('nashyang/propos...')
#8 /var/www/html/vendor/laravel/framework/src/Illuminate/Routing/Controller.php(54): call_user_func_array(Array, Array)
#9 /var/www/html/vendor/laravel/framework/src/Illuminate/Routing/ControllerDispatcher.php(45): Illuminate\Routing\Controller->callAction('run', Array)
#10 /var/www/html/vendor/laravel/framework/src/Illuminate/Routing/Route.php(212): Illuminate\Routing\ControllerDispatcher->dispatch(Object(Illuminate\Routing\Route), Object(Backend\Classes\BackendController), 'run')
#11 /var/www/html/vendor/laravel/framework/src/Illuminate/Routing/Route.php(169): Illuminate\Routing\Route->runController()
#12 /var/www/html/vendor/laravel/framework/src/Illuminate/Routing/Router.php(658): Illuminate\Routing\Route->run()
#13 /var/www/html/vendor/laravel/framework/src/Illuminate/Routing/Pipeline.php(30): Illuminate\Routing\Router->Illuminate\Routing\{closure}(Object(Illuminate\Http\Request))
#14 /var/www/html/modules/backend/Classes/BackendController.php(68): Illuminate\Routing\Pipeline->Illuminate\Routing\{closure}(Object(Illuminate\Http\Request))
#15 /var/www/html/vendor/laravel/framework/src/Illuminate/Pipeline/Pipeline.php(131): Backend\Classes\BackendController->Backend\Classes\{closure}(Object(Illuminate\Http\Request), Object(Closure))
#16 /var/www/html/vendor/laravel/framework/src/Illuminate/Routing/Pipeline.php(53): Illuminate\Pipeline\Pipeline->Illuminate\Pipeline\{closure}(Object(Illuminate\Http\Request))
#17 /var/www/html/vendor/laravel/framework/src/Illuminate/Routing/Middleware/SubstituteBindings.php(41): Illuminate\Routing\Pipeline->Illuminate\Routing\{closure}(Object(Illuminate\Http\Request))
#18 /var/www/html/vendor/laravel/framework/src/Illuminate/Pipeline/Pipeline.php(149): Illuminate\Routing\Middleware\SubstituteBindings->handle(Object(Illuminate\Http\Request), Object(Closure))
#19 /var/www/html/vendor/laravel/framework/src/Illuminate/Routing/Pipeline.php(53): Illuminate\Pipeline\Pipeline->Illuminate\Pipeline\{closure}(Object(Illuminate\Http\Request))
#20 /var/www/html/vendor/laravel/framework/src/Illuminate/View/Middleware/ShareErrorsFromSession.php(49): Illuminate\Routing\Pipeline->Illuminate\Routing\{closure}(Object(Illuminate\Http\Request))
#21 /var/www/html/vendor/laravel/framework/src/Illuminate/Pipeline/Pipeline.php(149): Illuminate\View\Middleware\ShareErrorsFromSession->handle(Object(Illuminate\Http\Request), Object(Closure))
#22 /var/www/html/vendor/laravel/framework/src/Illuminate/Routing/Pipeline.php(53): Illuminate\Pipeline\Pipeline->Illuminate\Pipeline\{closure}(Object(Illuminate\Http\Request))
#23 /var/www/html/vendor/laravel/framework/src/Illuminate/Session/Middleware/StartSession.php(63): Illuminate\Routing\Pipeline->Illuminate\Routing\{closure}(Object(Illuminate\Http\Request))
#24 /var/www/html/vendor/laravel/framework/src/Illuminate/Pipeline/Pipeline.php(149): Illuminate\Session\Middleware\StartSession->handle(Object(Illuminate\Http\Request), Object(Closure))
#25 /var/www/html/vendor/laravel/framework/src/Illuminate/Routing/Pipeline.php(53): Illuminate\Pipeline\Pipeline->Illuminate\Pipeline\{closure}(Object(Illuminate\Http\Request))
#26 /var/www/html/vendor/laravel/framework/src/Illuminate/Cookie/Middleware/AddQueuedCookiesToResponse.php(37): Illuminate\Routing\Pipeline->Illuminate\Routing\{closure}(Object(Illuminate\Http\Request))
#27 /var/www/html/vendor/laravel/framework/src/Illuminate/Pipeline/Pipeline.php(149): Illuminate\Cookie\Middleware\AddQueuedCookiesToResponse->handle(Object(Illuminate\Http\Request), Object(Closure))
#28 /var/www/html/vendor/laravel/framework/src/Illuminate/Routing/Pipeline.php(53): Illuminate\Pipeline\Pipeline->Illuminate\Pipeline\{closure}(Object(Illuminate\Http\Request))
#29 /var/www/html/vendor/laravel/framework/src/Illuminate/Cookie/Middleware/EncryptCookies.php(66): Illuminate\Routing\Pipeline->Illuminate\Routing\{closure}(Object(Illuminate\Http\Request))
#30 /var/www/html/vendor/laravel/framework/src/Illuminate/Pipeline/Pipeline.php(149): Illuminate\Cookie\Middleware\EncryptCookies->handle(Object(Illuminate\Http\Request), Object(Closure))
#31 /var/www/html/vendor/laravel/framework/src/Illuminate/Routing/Pipeline.php(53): Illuminate\Pipeline\Pipeline->Illuminate\Pipeline\{closure}(Object(Illuminate\Http\Request))
#32 /var/www/html/vendor/laravel/framework/src/Illuminate/Pipeline/Pipeline.php(102): Illuminate\Routing\Pipeline->Illuminate\Routing\{closure}(Object(Illuminate\Http\Request))
#33 /var/www/html/vendor/laravel/framework/src/Illuminate/Routing/Router.php(660): Illuminate\Pipeline\Pipeline->then(Object(Closure))
#34 /var/www/html/vendor/laravel/framework/src/Illuminate/Routing/Router.php(635): Illuminate\Routing\Router->runRouteWithinStack(Object(Illuminate\Routing\Route), Object(Illuminate\Http\Request))
#35 /var/www/html/vendor/laravel/framework/src/Illuminate/Routing/Router.php(601): Illuminate\Routing\Router->runRoute(Object(Illuminate\Http\Request), Object(Illuminate\Routing\Route))
#36 /var/www/html/vendor/october/rain/src/Router/CoreRouter.php(20): Illuminate\Routing\Router->dispatchToRoute(Object(Illuminate\Http\Request))
#37 /var/www/html/vendor/laravel/framework/src/Illuminate/Foundation/Http/Kernel.php(176): October\Rain\Router\CoreRouter->dispatch(Object(Illuminate\Http\Request))
#38 /var/www/html/vendor/laravel/framework/src/Illuminate/Routing/Pipeline.php(30): Illuminate\Foundation\Http\Kernel->Illuminate\Foundation\Http\{closure}(Object(Illuminate\Http\Request))
#39 /var/www/html/vendor/laravel/framework/src/Illuminate/Foundation/Http/Middleware/CheckForMaintenanceMode.php(46): Illuminate\Routing\Pipeline->Illuminate\Routing\{closure}(Object(Illuminate\Http\Request))
#40 /var/www/html/vendor/laravel/framework/src/Illuminate/Pipeline/Pipeline.php(149): Illuminate\Foundation\Http\Middleware\CheckForMaintenanceMode->handle(Object(Illuminate\Http\Request), Object(Closure))
#41 /var/www/html/vendor/laravel/framework/src/Illuminate/Routing/Pipeline.php(53): Illuminate\Pipeline\Pipeline->Illuminate\Pipeline\{closure}(Object(Illuminate\Http\Request))
#42 /var/www/html/vendor/laravel/framework/src/Illuminate/Pipeline/Pipeline.php(102): Illuminate\Routing\Pipeline->Illuminate\Routing\{closure}(Object(Illuminate\Http\Request))
#43 /var/www/html/vendor/laravel/framework/src/Illuminate/Foundation/Http/Kernel.php(151): Illuminate\Pipeline\Pipeline->then(Object(Closure))
#44 /var/www/html/vendor/laravel/framework/src/Illuminate/Foundation/Http/Kernel.php(116): Illuminate\Foundation\Http\Kernel->sendRequestThroughRouter(Object(Illuminate\Http\Request))
#45 /var/www/html/index.php(43): Illuminate\Foundation\Http\Kernel->handle(Object(Illuminate\Http\Request))
#46 {main}  
