  File: ‘/root/yda.bak/yda_bak_2019_04_03.tar.gz’
  Size: 130275855 	Blocks: 254448     IO Block: 4096   普通檔案
Device: fd00h/64768d	Inode: 35099519    Links: 1
Access: (0644/-rw-r--r--)  Uid: (    0/    root)   Gid: (    0/    root)
Access: 2019-04-03 03:00:01.433199109 +0800
Modify: 2019-04-03 03:00:20.066861317 +0800
Change: 2019-04-03 03:00:20.066861317 +0800
 Birth: -
================================
  File: ‘/root/yda.bak/yda_bak_2019_04_04.tar.gz’
  Size: 133276234 	Blocks: 260312     IO Block: 4096   普通檔案
Device: fd00h/64768d	Inode: 35094582    Links: 1
Access: (0644/-rw-r--r--)  Uid: (    0/    root)   Gid: (    0/    root)
Access: 2019-04-04 03:00:01.736929512 +0800
Modify: 2019-04-04 03:00:16.623659644 +0800
Change: 2019-04-04 03:00:16.623659644 +0800
 Birth: -
================================
  File: ‘/root/yda.bak/yda_bak_2019_04_05.tar.gz’
  Size: 133285566 	Blocks: 260328     IO Block: 4096   普通檔案
Device: fd00h/64768d	Inode: 35094601    Links: 1
Access: (0644/-rw-r--r--)  Uid: (    0/    root)   Gid: (    0/    root)
Access: 2019-04-05 03:00:02.026660165 +0800
Modify: 2019-04-05 03:00:14.901426773 +0800
Change: 2019-04-05 03:00:14.901426773 +0800
 Birth: -
================================
  File: ‘/root/yda.bak/yda_bak_2019_04_06.tar.gz’
  Size: 133279585 	Blocks: 260312     IO Block: 4096   普通檔案
Device: fd00h/64768d	Inode: 35094614    Links: 1
Access: (0644/-rw-r--r--)  Uid: (    0/    root)   Gid: (    0/    root)
Access: 2019-04-06 03:00:01.572404316 +0800
Modify: 2019-04-06 03:00:13.259192459 +0800
Change: 2019-04-06 03:00:13.259192459 +0800
 Birth: -
================================
  File: ‘/root/yda.bak/yda_bak_2019_04_07.tar.gz’
  Size: 133278478 	Blocks: 260312     IO Block: 4096   普通檔案
Device: fd00h/64768d	Inode: 35094621    Links: 1
Access: (0644/-rw-r--r--)  Uid: (    0/    root)   Gid: (    0/    root)
Access: 2019-04-07 03:00:01.113148550 +0800
Modify: 2019-04-07 03:00:14.284909773 +0800
Change: 2019-04-07 03:00:14.284909773 +0800
 Birth: -
================================
  File: ‘/root/yda.bak/yda_bak_2019_04_08.tar.gz’
  Size: 133277717 	Blocks: 260312     IO Block: 4096   普通檔案
Device: fd00h/64768d	Inode: 34396610    Links: 1
Access: (0644/-rw-r--r--)  Uid: (    0/    root)   Gid: (    0/    root)
Access: 2019-04-08 03:00:01.309880900 +0800
Modify: 2019-04-08 03:00:14.749637264 +0800
Change: 2019-04-08 03:00:14.749637264 +0800
 Birth: -
================================
  File: ‘/root/yda.bak/yda_bak_2019_04_09.tar.gz’
  Size: 135508268 	Blocks: 264672     IO Block: 4096   普通檔案
Device: fd00h/64768d	Inode: 34071672    Links: 1
Access: (0644/-rw-r--r--)  Uid: (    0/    root)   Gid: (    0/    root)
Access: 2019-04-09 03:00:01.635610904 +0800
Modify: 2019-04-09 03:00:14.514377436 +0800
Change: 2019-04-09 03:00:14.514377436 +0800
 Birth: -
================================
  File: ‘/root/yda.bak/yda_bak_2019_04_10.tar.gz’
  Size: 135590963 	Blocks: 264832     IO Block: 4096   普通檔案
Device: fd00h/64768d	Inode: 35079691    Links: 1
Access: (0644/-rw-r--r--)  Uid: (    0/    root)   Gid: (    0/    root)
Access: 2019-04-10 03:00:01.535348629 +0800
Modify: 2019-04-10 03:00:21.185992399 +0800
Change: 2019-04-10 03:00:21.185992399 +0800
 Birth: -
================================
  File: ‘/root/yda.bak/yda_bak_2019_04_11.tar.gz’
  Size: 135596380 	Blocks: 264840     IO Block: 4096   普通檔案
Device: fd00h/64768d	Inode: 35079701    Links: 1
Access: (0644/-rw-r--r--)  Uid: (    0/    root)   Gid: (    0/    root)
Access: 2019-04-11 03:00:01.642082607 +0800
Modify: 2019-04-11 03:00:14.296853203 +0800
Change: 2019-04-11 03:00:14.296853203 +0800
 Birth: -
================================
  File: ‘/root/yda.bak/yda_bak_2019_04_12.tar.gz’
  Size: 135596422 	Blocks: 264840     IO Block: 4096   普通檔案
Device: fd00h/64768d	Inode: 34956563    Links: 1
Access: (0644/-rw-r--r--)  Uid: (    0/    root)   Gid: (    0/    root)
Access: 2019-04-12 03:00:01.875814280 +0800
Modify: 2019-04-12 03:00:14.773580469 +0800
Change: 2019-04-12 03:00:14.773580469 +0800
 Birth: -
================================
  File: ‘/root/yda.bak/yda_bak_2019_04_13.tar.gz’
  Size: 135596509 	Blocks: 264840     IO Block: 4096   普通檔案
Device: fd00h/64768d	Inode: 34956124    Links: 1
Access: (0644/-rw-r--r--)  Uid: (    0/    root)   Gid: (    0/    root)
Access: 2019-04-13 03:00:01.527556502 +0800
Modify: 2019-04-13 03:00:12.527357097 +0800
Change: 2019-04-13 03:00:12.527357097 +0800
 Birth: -
================================
  File: ‘/root/yda.bak/yda_bak_2019_04_14.tar.gz’
  Size: 135596450 	Blocks: 264840     IO Block: 4096   普通檔案
Device: fd00h/64768d	Inode: 34956570    Links: 1
Access: (0644/-rw-r--r--)  Uid: (    0/    root)   Gid: (    0/    root)
Access: 2019-04-14 03:00:01.692289430 +0800
Modify: 2019-04-14 03:00:12.661090588 +0800
Change: 2019-04-14 03:00:12.661090588 +0800
 Birth: -
================================
  File: ‘/root/yda.bak/yda_bak_2019_04_15.tar.gz’
  Size: 135596451 	Blocks: 264840     IO Block: 4096   普通檔案
Device: fd00h/64768d	Inode: 34956067    Links: 1
Access: (0644/-rw-r--r--)  Uid: (    0/    root)   Gid: (    0/    root)
Access: 2019-04-15 03:00:01.102036037 +0800
Modify: 2019-04-15 03:00:12.056837450 +0800
Change: 2019-04-15 03:00:12.056837450 +0800
 Birth: -
================================
  File: ‘/root/yda.bak/yda_bak_2019_04_16.tar.gz’
  Size: 135596387 	Blocks: 264840     IO Block: 4096   普通檔案
Device: fd00h/64768d	Inode: 34956572    Links: 1
Access: (0644/-rw-r--r--)  Uid: (    0/    root)   Gid: (    0/    root)
Access: 2019-04-16 03:00:01.429766006 +0800
Modify: 2019-04-16 03:00:12.380567490 +0800
Change: 2019-04-16 03:00:12.380567490 +0800
 Birth: -
================================
  File: ‘/root/yda.bak/yda_bak_2019_04_17.tar.gz’
  Size: 136197540 	Blocks: 266016     IO Block: 4096   普通檔案
Device: fd00h/64768d	Inode: 34956581    Links: 1
Access: (0644/-rw-r--r--)  Uid: (    0/    root)   Gid: (    0/    root)
Access: 2019-04-17 03:00:01.064508542 +0800
Modify: 2019-04-17 03:00:12.260305585 +0800
Change: 2019-04-17 03:00:12.260305585 +0800
 Birth: -
================================
  File: ‘/root/yda.bak/yda_bak_2019_04_18.tar.gz’
  Size: 136197546 	Blocks: 266016     IO Block: 4096   普通檔案
Device: fd00h/64768d	Inode: 34556226    Links: 1
Access: (0644/-rw-r--r--)  Uid: (    0/    root)   Gid: (    0/    root)
Access: 2019-04-18 03:00:01.428237857 +0800
Modify: 2019-04-18 03:00:13.131025708 +0800
Change: 2019-04-18 03:00:13.131025708 +0800
 Birth: -
================================
  File: ‘/root/yda.bak/yda_bak_2019_04_19.tar.gz’
  Size: 136566503 	Blocks: 266736     IO Block: 4096   普通檔案
Device: fd00h/64768d	Inode: 34396634    Links: 1
Access: (0644/-rw-r--r--)  Uid: (    0/    root)   Gid: (    0/    root)
Access: 2019-04-19 03:00:01.500972451 +0800
Modify: 2019-04-19 03:00:15.679715420 +0800
Change: 2019-04-19 03:00:15.679715420 +0800
 Birth: -
================================
  File: ‘/root/yda.bak/yda_bak_2019_04_20.tar.gz’
  Size: 138261983 	Blocks: 270048     IO Block: 4096   普通檔案
Device: fd00h/64768d	Inode: 34071675    Links: 1
Access: (0644/-rw-r--r--)  Uid: (    0/    root)   Gid: (    0/    root)
Access: 2019-04-20 03:00:01.080715978 +0800
Modify: 2019-04-20 03:00:14.714468824 +0800
Change: 2019-04-20 03:00:14.714468824 +0800
 Birth: -
================================
  File: ‘/root/yda.bak/yda_bak_2019_04_21.tar.gz’
  Size: 138278679 	Blocks: 270080     IO Block: 4096   普通檔案
Device: fd00h/64768d	Inode: 34940272    Links: 1
Access: (0644/-rw-r--r--)  Uid: (    0/    root)   Gid: (    0/    root)
Access: 2019-04-21 03:00:02.002435179 +0800
Modify: 2019-04-21 03:00:15.523190074 +0800
Change: 2019-04-21 03:00:15.523190074 +0800
 Birth: -
================================
  File: ‘/root/yda.bak/yda_bak_2019_04_22.tar.gz’
  Size: 138278598 	Blocks: 270080     IO Block: 4096   普通檔案
Device: fd00h/64768d	Inode: 34956569    Links: 1
Access: (0644/-rw-r--r--)  Uid: (    0/    root)   Gid: (    0/    root)
Access: 2019-04-22 03:00:01.715176302 +0800
Modify: 2019-04-22 03:00:15.256930817 +0800
Change: 2019-04-22 03:00:15.256930817 +0800
 Birth: -
================================
  File: ‘/root/yda.bak/yda_bak_2019_04_23.tar.gz’
  Size: 138262736 	Blocks: 270048     IO Block: 4096   普通檔案
Device: fd00h/64768d	Inode: 34956585    Links: 1
Access: (0644/-rw-r--r--)  Uid: (    0/    root)   Gid: (    0/    root)
Access: 2019-04-23 03:00:01.152922402 +0800
Modify: 2019-04-23 03:00:14.830674452 +0800
Change: 2019-04-23 03:00:14.830674452 +0800
 Birth: -
================================
  File: ‘/root/yda.bak/yda_bak_2019_04_24.tar.gz’
  Size: 138273804 	Blocks: 270072     IO Block: 4096   普通檔案
Device: fd00h/64768d	Inode: 34956586    Links: 1
Access: (0644/-rw-r--r--)  Uid: (    0/    root)   Gid: (    0/    root)
Access: 2019-04-24 03:00:02.039642236 +0800
Modify: 2019-04-24 03:00:16.720376103 +0800
Change: 2019-04-24 03:00:16.720376103 +0800
 Birth: -
================================
  File: ‘/root/yda.bak/yda_bak_2019_04_25.tar.gz’
  Size: 138272632 	Blocks: 270064     IO Block: 4096   普通檔案
Device: fd00h/64768d	Inode: 34956589    Links: 1
Access: (0644/-rw-r--r--)  Uid: (    0/    root)   Gid: (    0/    root)
Access: 2019-04-25 03:00:01.375390192 +0800
Modify: 2019-04-25 03:00:15.267138363 +0800
Change: 2019-04-25 03:00:15.267138363 +0800
 Birth: -
================================
  File: ‘/root/yda.bak/yda_bak_2019_04_26.tar.gz’
  Size: 138276473 	Blocks: 270072     IO Block: 4096   普通檔案
Device: fd00h/64768d	Inode: 34956592    Links: 1
Access: (0644/-rw-r--r--)  Uid: (    0/    root)   Gid: (    0/    root)
Access: 2019-04-26 03:00:01.600122027 +0800
Modify: 2019-04-26 03:00:15.849863707 +0800
Change: 2019-04-26 03:00:15.849863707 +0800
 Birth: -
================================
  File: ‘/root/yda.bak/yda_bak_2019_04_27.tar.gz’
  Size: 138276095 	Blocks: 270072     IO Block: 4096   普通檔案
Device: fd00h/64768d	Inode: 34956596    Links: 1
Access: (0644/-rw-r--r--)  Uid: (    0/    root)   Gid: (    0/    root)
Access: 2019-04-27 03:00:01.440860823 +0800
Modify: 2019-04-27 03:00:13.900634951 +0800
Change: 2019-04-27 03:00:13.900634951 +0800
 Birth: -
================================
  File: ‘/root/yda.bak/yda_bak_2019_04_28.tar.gz’
  Size: 138277096 	Blocks: 270080     IO Block: 4096   普通檔案
Device: fd00h/64768d	Inode: 34956594    Links: 1
Access: (0644/-rw-r--r--)  Uid: (    0/    root)   Gid: (    0/    root)
Access: 2019-04-28 03:00:01.077603323 +0800
Modify: 2019-04-28 03:00:15.052349988 +0800
Change: 2019-04-28 03:00:15.052349988 +0800
 Birth: -
================================
  File: ‘/root/yda.bak/yda_bak_2019_04_29.tar.gz’
  Size: 138277310 	Blocks: 270080     IO Block: 4096   普通檔案
Device: fd00h/64768d	Inode: 34956072    Links: 1
Access: (0644/-rw-r--r--)  Uid: (    0/    root)   Gid: (    0/    root)
Access: 2019-04-29 03:00:01.265335828 +0800
Modify: 2019-04-29 03:00:12.871125438 +0800
Change: 2019-04-29 03:00:12.871125438 +0800
 Birth: -
================================
  File: ‘/root/yda.bak/yda_bak_2019_04_30.tar.gz’
  Size: 138277416 	Blocks: 270080     IO Block: 4096   普通檔案
Device: fd00h/64768d	Inode: 34396608    Links: 1
Access: (0644/-rw-r--r--)  Uid: (    0/    root)   Gid: (    0/    root)
Access: 2019-04-30 03:00:01.459068225 +0800
Modify: 2019-04-30 03:00:13.658847066 +0800
Change: 2019-04-30 03:00:13.658847066 +0800
 Birth: -
================================
  File: ‘/root/yda.bak/yda_bak_2019_05_01.tar.gz’
  Size: 138278989 	Blocks: 270080     IO Block: 4096   普通檔案
Device: fd00h/64768d	Inode: 34956602    Links: 1
Access: (0644/-rw-r--r--)  Uid: (    0/    root)   Gid: (    0/    root)
Access: 2019-05-01 03:00:01.491803546 +0800
Modify: 2019-05-01 03:00:14.214572907 +0800
Change: 2019-05-01 03:00:14.214572907 +0800
 Birth: -
================================
  File: ‘/root/yda.bak/yda_bak_2019_05_02.tar.gz’
  Size: 138300109 	Blocks: 270120     IO Block: 4096   普通檔案
Device: fd00h/64768d	Inode: 34956604    Links: 1
Access: (0644/-rw-r--r--)  Uid: (    0/    root)   Gid: (    0/    root)
Access: 2019-05-02 03:00:01.572537991 +0800
Modify: 2019-05-02 03:00:16.119274287 +0800
Change: 2019-05-02 03:00:16.119274287 +0800
 Birth: -
================================
  File: ‘/root/yda.bak/yda_bak_2019_05_03.tar.gz’
  Size: 138281853 	Blocks: 270088     IO Block: 4096   普通檔案
Device: fd00h/64768d	Inode: 35074629    Links: 1
Access: (0644/-rw-r--r--)  Uid: (    0/    root)   Gid: (    0/    root)
Access: 2019-05-03 03:00:01.095282558 +0800
Modify: 2019-05-03 03:00:13.873050922 +0800
Change: 2019-05-03 03:00:13.873050922 +0800
 Birth: -
================================
  File: ‘/root/yda.bak/yda_bak_2019_05_05.tar.gz’
  Size: 138272524 	Blocks: 270064     IO Block: 4096   普通檔案
Device: fd00h/64768d	Inode: 35074641    Links: 1
Access: (0644/-rw-r--r--)  Uid: (    0/    root)   Gid: (    0/    root)
Access: 2019-05-05 03:00:01.588149974 +0800
Modify: 2019-05-05 03:00:33.659568584 +0800
Change: 2019-05-05 03:00:33.659568584 +0800
 Birth: -
================================
  File: ‘/root/yda.bak/yda_bak_2019_05_06.tar.gz’
  Size: 138278890 	Blocks: 270080     IO Block: 4096   普通檔案
Device: fd00h/64768d	Inode: 35074645    Links: 1
Access: (0644/-rw-r--r--)  Uid: (    0/    root)   Gid: (    0/    root)
Access: 2019-05-06 03:00:01.546886631 +0800
Modify: 2019-05-06 03:00:13.649667233 +0800
Change: 2019-05-06 03:00:13.649667233 +0800
 Birth: -
================================
  File: ‘/root/yda.bak/yda_bak_2019_05_07.tar.gz’
  Size: 138268388 	Blocks: 270056     IO Block: 4096   普通檔案
Device: fd00h/64768d	Inode: 35078063    Links: 1
Access: (0644/-rw-r--r--)  Uid: (    0/    root)   Gid: (    0/    root)
Access: 2019-05-07 03:00:01.989614520 +0800
Modify: 2019-05-07 03:00:16.732347265 +0800
Change: 2019-05-07 03:00:16.732347265 +0800
 Birth: -
================================
  File: ‘/root/yda.bak/yda_bak_2019_05_08.tar.gz’
  Size: 138267513 	Blocks: 270056     IO Block: 4096   普通檔案
Device: fd00h/64768d	Inode: 35078073    Links: 1
Access: (0644/-rw-r--r--)  Uid: (    0/    root)   Gid: (    0/    root)
Access: 2019-05-08 03:00:01.634356870 +0800
Modify: 2019-05-08 03:00:14.812117983 +0800
Change: 2019-05-08 03:00:14.812117983 +0800
 Birth: -
================================
  File: ‘/root/yda.bak/yda_bak_2019_05_09.tar.gz’
  Size: 138267801 	Blocks: 270056     IO Block: 4096   普通檔案
Device: fd00h/64768d	Inode: 34956603    Links: 1
Access: (0644/-rw-r--r--)  Uid: (    0/    root)   Gid: (    0/    root)
Access: 2019-05-09 03:00:01.548094348 +0800
Modify: 2019-05-09 03:00:13.381879826 +0800
Change: 2019-05-09 03:00:13.381879826 +0800
 Birth: -
================================
  File: ‘/root/yda.bak/yda_bak_2019_05_10.tar.gz’
  Size: 138273749 	Blocks: 270072     IO Block: 4096   普通檔案
Device: fd00h/64768d	Inode: 35093525    Links: 1
Access: (0644/-rw-r--r--)  Uid: (    0/    root)   Gid: (    0/    root)
Access: 2019-05-10 03:00:01.832825096 +0800
Modify: 2019-05-10 03:00:14.205600802 +0800
Change: 2019-05-10 03:00:14.205600802 +0800
 Birth: -
================================
  File: ‘/root/yda.bak/yda_bak_2019_05_11.tar.gz’
  Size: 138273665 	Blocks: 270072     IO Block: 4096   普通檔案
Device: fd00h/64768d	Inode: 33912732    Links: 1
Access: (0644/-rw-r--r--)  Uid: (    0/    root)   Gid: (    0/    root)
Access: 2019-05-11 03:00:01.342569892 +0800
Modify: 2019-05-11 03:00:13.030358015 +0800
Change: 2019-05-11 03:00:13.030358015 +0800
 Birth: -
================================
  File: ‘/root/yda.bak/yda_bak_2019_05_12.tar.gz’
  Size: 138273718 	Blocks: 270072     IO Block: 4096   普通檔案
Device: fd00h/64768d	Inode: 35093527    Links: 1
Access: (0644/-rw-r--r--)  Uid: (    0/    root)   Gid: (    0/    root)
Access: 2019-05-12 03:00:01.235307750 +0800
Modify: 2019-05-12 03:00:13.596083675 +0800
Change: 2019-05-12 03:00:13.596083675 +0800
 Birth: -
================================
  File: ‘/root/yda.bak/yda_bak_2019_05_13.tar.gz’
  Size: 138273678 	Blocks: 270072     IO Block: 4096   普通檔案
Device: fd00h/64768d	Inode: 34956562    Links: 1
Access: (0644/-rw-r--r--)  Uid: (    0/    root)   Gid: (    0/    root)
Access: 2019-05-13 03:00:01.533038262 +0800
Modify: 2019-05-13 03:00:14.646800535 +0800
Change: 2019-05-13 03:00:14.646800535 +0800
 Birth: -
================================
  File: ‘/root/yda.bak/yda_bak_2019_05_14.tar.gz’
  Size: 142142962 	Blocks: 277624     IO Block: 4096   普通檔案
Device: fd00h/64768d	Inode: 35096772    Links: 1
Access: (0644/-rw-r--r--)  Uid: (    0/    root)   Gid: (    0/    root)
Access: 2019-05-14 03:00:01.249779306 +0800
Modify: 2019-05-14 03:00:15.697517394 +0800
Change: 2019-05-14 03:00:15.697517394 +0800
 Birth: -
================================
  File: ‘/root/yda.bak/yda_bak_2019_05_15.tar.gz’
  Size: 142142141 	Blocks: 277624     IO Block: 4096   普通檔案
Device: fd00h/64768d	Inode: 35076738    Links: 1
Access: (0644/-rw-r--r--)  Uid: (    0/    root)   Gid: (    0/    root)
Access: 2019-05-15 03:00:01.102517887 +0800
Modify: 2019-05-15 03:00:12.807305705 +0800
Change: 2019-05-15 03:00:12.807305705 +0800
 Birth: -
================================
  File: ‘/root/yda.bak/yda_bak_2019_05_16.tar.gz’
  Size: 142142962 	Blocks: 277624     IO Block: 4096   普通檔案
Device: fd00h/64768d	Inode: 35076748    Links: 1
Access: (0644/-rw-r--r--)  Uid: (    0/    root)   Gid: (    0/    root)
Access: 2019-05-16 03:00:01.138253149 +0800
Modify: 2019-05-16 03:00:13.186034748 +0800
Change: 2019-05-16 03:00:13.186034748 +0800
 Birth: -
================================
  File: ‘/root/yda.bak/yda_bak_2019_05_17.tar.gz’
  Size: 142154485 	Blocks: 277648     IO Block: 4096   普通檔案
Device: fd00h/64768d	Inode: 35076751    Links: 1
Access: (0644/-rw-r--r--)  Uid: (    0/    root)   Gid: (    0/    root)
Access: 2019-05-17 03:00:01.333985509 +0800
Modify: 2019-05-17 03:00:14.494746931 +0800
Change: 2019-05-17 03:00:14.494746931 +0800
 Birth: -
================================
  File: ‘/root/yda.bak/yda_bak_2019_05_18.tar.gz’
  Size: 142160616 	Blocks: 277664     IO Block: 4096   普通檔案
Device: fd00h/64768d	Inode: 35076746    Links: 1
Access: (0644/-rw-r--r--)  Uid: (    0/    root)   Gid: (    0/    root)
Access: 2019-05-18 03:00:01.843712183 +0800
Modify: 2019-05-18 03:00:13.340503771 +0800
Change: 2019-05-18 03:00:13.340503771 +0800
 Birth: -
================================
  File: ‘/root/yda.bak/yda_bak_2019_05_19.tar.gz’
  Size: 142160541 	Blocks: 277664     IO Block: 4096   普通檔案
Device: fd00h/64768d	Inode: 35076743    Links: 1
Access: (0644/-rw-r--r--)  Uid: (    0/    root)   Gid: (    0/    root)
Access: 2019-05-19 03:00:01.333457344 +0800
Modify: 2019-05-19 03:00:13.803231291 +0800
Change: 2019-05-19 03:00:13.803231291 +0800
 Birth: -
================================
  File: ‘/root/yda.bak/yda_bak_2019_05_20.tar.gz’
  Size: 142161139 	Blocks: 277664     IO Block: 4096   普通檔案
Device: fd00h/64768d	Inode: 35076757    Links: 1
Access: (0644/-rw-r--r--)  Uid: (    0/    root)   Gid: (    0/    root)
Access: 2019-05-20 03:00:01.487190472 +0800
Modify: 2019-05-20 03:00:14.577953162 +0800
Change: 2019-05-20 03:00:14.577953162 +0800
 Birth: -
================================
  File: ‘/root/yda.bak/yda_bak_2019_05_21.tar.gz’
  Size: 142160108 	Blocks: 277664     IO Block: 4096   普通檔案
Device: fd00h/64768d	Inode: 35076761    Links: 1
Access: (0644/-rw-r--r--)  Uid: (    0/    root)   Gid: (    0/    root)
Access: 2019-05-21 03:00:01.793920820 +0800
Modify: 2019-05-21 03:00:13.218713711 +0800
Change: 2019-05-21 03:00:13.218713711 +0800
 Birth: -
================================
  File: ‘/root/yda.bak/yda_bak_2019_05_22.tar.gz’
  Size: 142272803 	Blocks: 277880     IO Block: 4096   普通檔案
Device: fd00h/64768d	Inode: 35076764    Links: 1
Access: (0644/-rw-r--r--)  Uid: (    0/    root)   Gid: (    0/    root)
Access: 2019-05-22 03:00:01.683658724 +0800
Modify: 2019-05-22 03:00:15.871401531 +0800
Change: 2019-05-22 03:00:15.871401531 +0800
 Birth: -
================================
  File: ‘/root/yda.bak/yda_bak_2019_05_23.tar.gz’
  Size: 142272250 	Blocks: 277880     IO Block: 4096   普通檔案
Device: fd00h/64768d	Inode: 35076767    Links: 1
Access: (0644/-rw-r--r--)  Uid: (    0/    root)   Gid: (    0/    root)
Access: 2019-05-23 03:00:01.392399918 +0800
Modify: 2019-05-23 03:00:14.856155851 +0800
Change: 2019-05-23 03:00:14.856155851 +0800
 Birth: -
================================
  File: ‘/root/yda.bak/yda_bak_2019_05_24.tar.gz’
  Size: 143166605 	Blocks: 279624     IO Block: 4096   普通檔案
Device: fd00h/64768d	Inode: 35076770    Links: 1
Access: (0644/-rw-r--r--)  Uid: (    0/    root)   Gid: (    0/    root)
Access: 2019-05-24 03:00:01.801128421 +0800
Modify: 2019-05-24 03:00:16.112868971 +0800
Change: 2019-05-24 03:00:16.112868971 +0800
 Birth: -
================================
  File: ‘/root/yda.bak/yda_bak_2019_05_25.tar.gz’
  Size: 143140845 	Blocks: 279576     IO Block: 4096   普通檔案
Device: fd00h/64768d	Inode: 35076773    Links: 1
Access: (0644/-rw-r--r--)  Uid: (    0/    root)   Gid: (    0/    root)
Access: 2019-05-25 03:00:02.010860526 +0800
Modify: 2019-05-25 03:00:14.666631102 +0800
Change: 2019-05-25 03:00:14.666631102 +0800
 Birth: -
================================
  File: ‘/root/yda.bak/yda_bak_2019_05_26.tar.gz’
  Size: 143141593 	Blocks: 279576     IO Block: 4096   普通檔案
Device: fd00h/64768d	Inode: 35076744    Links: 1
Access: (0644/-rw-r--r--)  Uid: (    0/    root)   Gid: (    0/    root)
Access: 2019-05-26 03:00:01.375607957 +0800
Modify: 2019-05-26 03:00:14.965361602 +0800
Change: 2019-05-26 03:00:14.965361602 +0800
 Birth: -
================================
  File: ‘/root/yda.bak/yda_bak_2019_05_27.tar.gz’
  Size: 143141582 	Blocks: 279576     IO Block: 4096   普通檔案
Device: fd00h/64768d	Inode: 35076774    Links: 1
Access: (0644/-rw-r--r--)  Uid: (    0/    root)   Gid: (    0/    root)
Access: 2019-05-27 03:00:01.393343544 +0800
Modify: 2019-05-27 03:00:13.396125957 +0800
Change: 2019-05-27 03:00:13.396125957 +0800
 Birth: -
================================
  File: ‘/root/yda.bak/yda_bak_2019_05_28.tar.gz’
  Size: 143898429 	Blocks: 281056     IO Block: 4096   普通檔案
Device: fd00h/64768d	Inode: 35076780    Links: 1
Access: (0644/-rw-r--r--)  Uid: (    0/    root)   Gid: (    0/    root)
Access: 2019-05-28 03:00:01.551076593 +0800
Modify: 2019-05-28 03:00:18.047777540 +0800
Change: 2019-05-28 03:00:18.047777540 +0800
 Birth: -
================================
  File: ‘/root/yda.bak/yda_bak_2019_05_29.tar.gz’
  Size: 143898953 	Blocks: 281056     IO Block: 4096   普通檔案
Device: fd00h/64768d	Inode: 35076783    Links: 1
Access: (0644/-rw-r--r--)  Uid: (    0/    root)   Gid: (    0/    root)
Access: 2019-05-29 03:00:01.513813182 +0800
Modify: 2019-05-29 03:00:15.126566410 +0800
Change: 2019-05-29 03:00:15.126566410 +0800
 Birth: -
================================
